[    30.187] 
X.Org X Server 1.21.1.21
X Protocol Version 11, Revision 0
[    30.188] Current Operating System: Linux boby 6.18.5-zen1-1-zen #1 ZEN SMP PREEMPT_DYNAMIC Sun, 11 Jan 2026 17:10:37 +0000 x86_64
[    30.188] Kernel command line: BOOT_IMAGE=/vmlinuz-linux-zen root=UUID=43964bbe-03a3-4de6-a2ed-e50086e83cac rw zswap.enabled=0 rootfstype=ext4 loglevel=3 quiet
[    30.188]  
[    30.189] Current version of pixman: 0.46.4
[    30.189] 	Before reporting problems, check http://wiki.x.org
	to make sure that you have the latest version.
[    30.189] Markers: (--) probed, (**) from config file, (==) default setting,
	(++) from command line, (!!) notice, (II) informational,
	(WW) warning, (EE) error, (NI) not implemented, (??) unknown.
[    30.189] (==) Log file: "/home/elpepe44/.local/share/xorg/Xorg.0.log", Time: Sat Jan 17 19:07:58 2026
[    30.258] (==) Using config directory: "/etc/X11/xorg.conf.d"
[    30.258] (==) Using system config directory "/usr/share/X11/xorg.conf.d"
[    30.298] (==) No Layout section.  Using the first Screen section.
[    30.298] (==) No screen section available. Using defaults.
[    30.298] (**) |-->Screen "Default Screen Section" (0)
[    30.298] (**) |   |-->Monitor "<default monitor>"
[    30.298] (==) No monitor specified for screen "Default Screen Section".
	Using a default monitor configuration.
[    30.298] (**) Allowing byte-swapped clients
[    30.298] (==) Automatically adding devices
[    30.298] (==) Automatically enabling devices
[    30.298] (==) Automatically adding GPU devices
[    30.299] (==) Automatically binding GPU devices
[    30.299] (==) Max clients allowed: 256, resource mask: 0x1fffff
[    30.334] (WW) `fonts.dir' not found (or not valid) in "/usr/share/fonts/misc".
[    30.334] 	Entry deleted from font path.
[    30.334] 	(Run 'mkfontdir' on "/usr/share/fonts/misc").
[    30.352] (WW) `fonts.dir' not found (or not valid) in "/usr/share/fonts/TTF".
[    30.352] 	Entry deleted from font path.
[    30.352] 	(Run 'mkfontdir' on "/usr/share/fonts/TTF").
[    30.352] (WW) The directory "/usr/share/fonts/OTF" does not exist.
[    30.352] 	Entry deleted from font path.
[    30.352] (WW) The directory "/usr/share/fonts/Type1" does not exist.
[    30.352] 	Entry deleted from font path.
[    30.352] (WW) The directory "/usr/share/fonts/100dpi" does not exist.
[    30.352] 	Entry deleted from font path.
[    30.352] (WW) The directory "/usr/share/fonts/75dpi" does not exist.
[    30.352] 	Entry deleted from font path.
[    30.352] (==) FontPath set to:
	
[    30.352] (==) ModulePath set to "/usr/lib/xorg/modules"
[    30.352] (II) The server relies on udev to provide the list of input devices.
	If no devices become available, reconfigure udev or disable AutoAddDevices.
[    30.352] (II) Module ABI versions:
[    30.352] 	X.Org ANSI C Emulation: 0.4
[    30.352] 	X.Org Video Driver: 25.2
[    30.352] 	X.Org XInput driver : 24.4
[    30.352] 	X.Org Server Extension : 10.0
[    30.355] (++) using VT number 1

[    30.355] (--) controlling tty is VT number 1, auto-enabling KeepTty
[    30.357] (II) systemd-logind: took control of session /org/freedesktop/login1/session/c1
[    30.359] (II) xfree86: Adding drm device (/dev/dri/card0)
[    30.359] (II) Platform probe for /sys/devices/pci0000:00/0000:00:02.0/drm/card0
[    30.361] (II) systemd-logind: got fd for /dev/dri/card0 226:0 fd 13 paused 0
[    30.366] (--) PCI:*(0@0:2:0) 8086:0106:1019:9997 rev 9, Mem @ 0xf0000000/4194304, 0xe0000000/268435456, I/O @ 0x00004000/64, BIOS @ 0x????????/131072
[    30.366] (II) LoadModule: "glx"
[    30.369] (II) Loading /usr/lib/xorg/modules/extensions/libglx.so
[    30.429] (II) Module glx: vendor="X.Org Foundation"
[    30.429] 	compiled for 1.21.1.21, module version = 1.0.0
[    30.429] 	ABI class: X.Org Server Extension, version 10.0
[    30.429] (==) Matched intel as autoconfigured driver 0
[    30.429] (==) Matched modesetting as autoconfigured driver 1
[    30.429] (==) Matched fbdev as autoconfigured driver 2
[    30.429] (==) Matched vesa as autoconfigured driver 3
[    30.429] (==) Assigned the driver to the xf86ConfigLayout
[    30.429] (II) LoadModule: "intel"
[    30.429] (WW) Warning, couldn't open module intel
[    30.429] (EE) Failed to load module "intel" (module does not exist, 0)
[    30.429] (II) LoadModule: "modesetting"
[    30.430] (II) Loading /usr/lib/xorg/modules/drivers/modesetting_drv.so
[    30.447] (II) Module modesetting: vendor="X.Org Foundation"
[    30.447] 	compiled for 1.21.1.21, module version = 1.21.1
[    30.447] 	Module class: X.Org Video Driver
[    30.447] 	ABI class: X.Org Video Driver, version 25.2
[    30.447] (II) LoadModule: "fbdev"
[    30.448] (WW) Warning, couldn't open module fbdev
[    30.448] (EE) Failed to load module "fbdev" (module does not exist, 0)
[    30.448] (II) LoadModule: "vesa"
[    30.448] (WW) Warning, couldn't open module vesa
[    30.448] (EE) Failed to load module "vesa" (module does not exist, 0)
[    30.448] (II) modesetting: Driver for Modesetting Kernel Drivers: kms
[    30.448] (II) modeset(0): using drv /dev/dri/card0
[    30.448] (WW) VGA arbiter: cannot open kernel arbiter, no multi-card support
[    30.448] (II) modeset(0): Creating default Display subsection in Screen section
	"Default Screen Section" for depth/fbbpp 24/32
[    30.448] (==) modeset(0): Depth 24, (==) framebuffer bpp 32
[    30.448] (==) modeset(0): RGB weight 888
[    30.448] (==) modeset(0): Default visual is TrueColor
[    30.448] (II) Loading sub module "glamoregl"
[    30.448] (II) LoadModule: "glamoregl"
[    30.449] (II) Loading /usr/lib/xorg/modules/libglamoregl.so
[    30.520] (II) Module glamoregl: vendor="X.Org Foundation"
[    30.520] 	compiled for 1.21.1.21, module version = 1.0.1
[    30.520] 	ABI class: X.Org ANSI C Emulation, version 0.4
[    34.616] (II) modeset(0): glamor: Using OpenGL 3.3 context.
[    34.617] (II) modeset(0): glamor X acceleration enabled on Mesa Intel(R) HD Graphics 2000 (SNB GT1)
[    34.618] (II) modeset(0): glamor initialized
[    34.618] (==) modeset(0): VariableRefresh: disabled
[    34.618] (==) modeset(0): AsyncFlipSecondaries: disabled
[    34.619] (II) modeset(0): Output LVDS-1 has no monitor section
[    34.632] (II) modeset(0): Output VGA-1 has no monitor section
[    34.633] (II) modeset(0): EDID for output LVDS-1
[    34.633] (II) modeset(0): Manufacturer: SEC  Model: 3030  Serial#: 0
[    34.633] (II) modeset(0): Year: 2011  Week: 0
[    34.633] (II) modeset(0): EDID Version: 1.3
[    34.633] (II) modeset(0): Digital Display Input
[    34.633] (II) modeset(0): Max Image Size [cm]: horiz.: 22  vert.: 13
[    34.633] (II) modeset(0): Gamma: 2.20
[    34.633] (II) modeset(0): No DPMS capabilities specified
[    34.633] (II) modeset(0): Supported color encodings: RGB 4:4:4 YCrCb 4:4:4 
[    34.633] (II) modeset(0): First detailed timing is preferred mode
[    34.633] (II) modeset(0): redX: 0.579 redY: 0.355   greenX: 0.338 greenY: 0.561
[    34.633] (II) modeset(0): blueX: 0.161 blueY: 0.129   whiteX: 0.313 whiteY: 0.329
[    34.633] (II) modeset(0): Manufacturer's mask: 0
[    34.633] (II) modeset(0): Supported detailed timing:
[    34.633] (II) modeset(0): clock: 54.2 MHz   Image Size:  223 x 125 mm
[    34.633] (II) modeset(0): h_active: 1024  h_sync: 1048  h_sync_end 1184 h_blank_end 1344 h_border: 0
[    34.633] (II) modeset(0): v_active: 600  v_sync: 603  v_sync_end 609 v_blanking: 670 v_border: 0
[    34.633] (II) modeset(0): Unknown vendor-specific block f
[    34.633] (II) modeset(0):  SAMSUNG
[    34.633] (II) modeset(0):  LTN101NT07902
[    34.633] (II) modeset(0): EDID (in hex):
[    34.633] (II) modeset(0): 	00ffffffffffff004ca3303000000000
[    34.633] (II) modeset(0): 	0015010380160d780a4a45945b568f29
[    34.633] (II) modeset(0): 	21505400000001010101010101010101
[    34.633] (II) modeset(0): 	0101010101012c150040415846201888
[    34.633] (II) modeset(0): 	3600df7d000000190000000f00000000
[    34.633] (II) modeset(0): 	00000000002387026400000000fe0053
[    34.633] (II) modeset(0): 	414d53554e470a2020202020000000fe
[    34.633] (II) modeset(0): 	004c544e3130314e5430373930320046
[    34.634] (II) modeset(0): Printing probed modes for output LVDS-1
[    34.634] (II) modeset(0): Modeline "1024x600"x60.2   54.20  1024 1048 1184 1344  600 603 609 670 -hsync -vsync (40.3 kHz eP)
[    34.634] (II) modeset(0): Modeline "1024x576"x119.9   98.50  1024 1092 1200 1376  576 577 580 597 doublescan -hsync +vsync (71.6 kHz d)
[    34.634] (II) modeset(0): Modeline "1024x576"x119.9   78.38  1024 1048 1064 1104  576 577 580 592 doublescan +hsync -vsync (71.0 kHz d)
[    34.634] (II) modeset(0): Modeline "1024x576"x59.9   46.50  1024 1064 1160 1296  576 579 584 599 -hsync +vsync (35.9 kHz d)
[    34.634] (II) modeset(0): Modeline "1024x576"x59.8   42.00  1024 1072 1104 1184  576 579 584 593 +hsync -vsync (35.5 kHz d)
[    34.634] (II) modeset(0): Modeline "960x600"x119.9   96.62  960 1028 1128 1296  600 601 604 622 doublescan -hsync +vsync (74.6 kHz d)
[    34.634] (II) modeset(0): Modeline "960x600"x120.0   77.00  960 984 1000 1040  600 601 604 617 doublescan +hsync -vsync (74.0 kHz d)
[    34.634] (II) modeset(0): Modeline "960x540"x119.9   86.50  960 1024 1124 1288  540 541 544 560 doublescan -hsync +vsync (67.2 kHz d)
[    34.634] (II) modeset(0): Modeline "960x540"x120.0   69.25  960 984 1000 1040  540 541 544 555 doublescan +hsync -vsync (66.6 kHz d)
[    34.634] (II) modeset(0): Modeline "960x540"x59.6   40.75  960 992 1088 1216  540 543 548 562 -hsync +vsync (33.5 kHz d)
[    34.634] (II) modeset(0): Modeline "960x540"x59.8   37.25  960 1008 1040 1120  540 543 548 556 +hsync -vsync (33.3 kHz d)
[    34.634] (II) modeset(0): Modeline "800x600"x120.0   81.00  800 832 928 1080  600 600 602 625 doublescan +hsync +vsync (75.0 kHz d)
[    34.634] (II) modeset(0): Modeline "800x600"x60.3   40.00  800 840 968 1056  600 601 605 628 +hsync +vsync (37.9 kHz d)
[    34.634] (II) modeset(0): Modeline "800x600"x56.2   36.00  800 824 896 1024  600 601 603 625 +hsync +vsync (35.2 kHz d)
[    34.634] (II) modeset(0): Modeline "840x525"x120.0   73.12  840 892 980 1120  525 526 529 544 doublescan -hsync +vsync (65.3 kHz d)
[    34.634] (II) modeset(0): Modeline "840x525"x119.8   59.50  840 864 880 920  525 526 529 540 doublescan +hsync -vsync (64.7 kHz d)
[    34.634] (II) modeset(0): Modeline "864x486"x59.9   32.50  864 888 968 1072  486 489 494 506 -hsync +vsync (30.3 kHz d)
[    34.634] (II) modeset(0): Modeline "864x486"x59.6   30.50  864 912 944 1024  486 489 494 500 +hsync -vsync (29.8 kHz d)
[    34.634] (II) modeset(0): Modeline "700x525"x120.0   61.00  700 744 820 940  525 526 532 541 doublescan +hsync +vsync (64.9 kHz d)
[    34.634] (II) modeset(0): Modeline "800x450"x119.9   59.12  800 848 928 1056  450 451 454 467 doublescan -hsync +vsync (56.0 kHz d)
[    34.634] (II) modeset(0): Modeline "800x450"x119.6   48.75  800 824 840 880  450 451 454 463 doublescan +hsync -vsync (55.4 kHz d)
[    34.634] (II) modeset(0): Modeline "640x512"x120.0   54.00  640 664 720 844  512 512 514 533 doublescan +hsync +vsync (64.0 kHz d)
[    34.634] (II) modeset(0): Modeline "700x450"x119.9   51.75  700 740 812 924  450 451 456 467 doublescan -hsync +vsync (56.0 kHz d)
[    34.634] (II) modeset(0): Modeline "700x450"x119.8   43.25  700 724 740 780  450 451 456 463 doublescan +hsync -vsync (55.4 kHz d)
[    34.634] (II) modeset(0): Modeline "640x480"x120.0   54.00  640 688 744 900  480 480 482 500 doublescan +hsync +vsync (60.0 kHz d)
[    34.634] (II) modeset(0): Modeline "640x480"x59.9   25.18  640 656 752 800  480 490 492 525 -hsync -vsync (31.5 kHz d)
[    34.634] (II) modeset(0): Modeline "720x405"x59.5   22.50  720 744 808 896  405 408 413 422 -hsync +vsync (25.1 kHz d)
[    34.634] (II) modeset(0): Modeline "720x405"x59.0   21.75  720 768 800 880  405 408 413 419 +hsync -vsync (24.7 kHz d)
[    34.634] (II) modeset(0): Modeline "684x384"x119.8   42.62  684 720 788 892  384 385 390 399 doublescan -hsync +vsync (47.8 kHz d)
[    34.634] (II) modeset(0): Modeline "684x384"x119.7   36.12  684 708 724 764  384 385 390 395 doublescan +hsync -vsync (47.3 kHz d)
[    34.634] (II) modeset(0): Modeline "640x400"x119.8   41.75  640 676 740 840  400 401 404 415 doublescan -hsync +vsync (49.7 kHz d)
[    34.634] (II) modeset(0): Modeline "640x400"x120.0   35.50  640 664 680 720  400 401 404 411 doublescan +hsync -vsync (49.3 kHz d)
[    34.634] (II) modeset(0): Modeline "640x360"x119.7   37.25  640 672 736 832  360 361 364 374 doublescan -hsync +vsync (44.8 kHz d)
[    34.634] (II) modeset(0): Modeline "640x360"x119.7   31.88  640 664 680 720  360 361 364 370 doublescan +hsync -vsync (44.3 kHz d)
[    34.634] (II) modeset(0): Modeline "640x360"x59.8   18.00  640 664 720 800  360 363 368 376 -hsync +vsync (22.5 kHz d)
[    34.634] (II) modeset(0): Modeline "640x360"x59.3   17.75  640 688 720 800  360 363 368 374 +hsync -vsync (22.2 kHz d)
[    34.634] (II) modeset(0): Modeline "512x384"x120.0   32.50  512 524 592 672  384 385 388 403 doublescan -hsync -vsync (48.4 kHz d)
[    34.635] (II) modeset(0): Modeline "512x288"x120.0   23.25  512 532 580 648  288 289 292 299 doublescan -hsync +vsync (35.9 kHz d)
[    34.635] (II) modeset(0): Modeline "512x288"x119.8   21.00  512 536 552 592  288 289 292 296 doublescan +hsync -vsync (35.5 kHz d)
[    34.635] (II) modeset(0): Modeline "480x270"x119.3   20.38  480 496 544 608  270 271 274 281 doublescan -hsync +vsync (33.5 kHz d)
[    34.635] (II) modeset(0): Modeline "480x270"x119.6   18.62  480 504 520 560  270 271 274 278 doublescan +hsync -vsync (33.3 kHz d)
[    34.635] (II) modeset(0): Modeline "400x300"x120.6   20.00  400 420 484 528  300 300 302 314 doublescan +hsync +vsync (37.9 kHz d)
[    34.635] (II) modeset(0): Modeline "400x300"x112.7   18.00  400 412 448 512  300 300 301 312 doublescan +hsync +vsync (35.2 kHz d)
[    34.635] (II) modeset(0): Modeline "432x243"x119.8   16.25  432 444 484 536  243 244 247 253 doublescan -hsync +vsync (30.3 kHz d)
[    34.635] (II) modeset(0): Modeline "432x243"x119.1   15.25  432 456 472 512  243 244 247 250 doublescan +hsync -vsync (29.8 kHz d)
[    34.635] (II) modeset(0): Modeline "320x240"x120.1   12.59  320 328 376 400  240 245 246 262 doublescan -hsync -vsync (31.5 kHz d)
[    34.635] (II) modeset(0): Modeline "360x202"x119.0   11.25  360 372 404 448  202 204 206 211 doublescan -hsync +vsync (25.1 kHz d)
[    34.635] (II) modeset(0): Modeline "360x202"x118.3   10.88  360 384 400 440  202 204 206 209 doublescan +hsync -vsync (24.7 kHz d)
[    34.635] (II) modeset(0): Modeline "320x180"x119.7    9.00  320 332 360 400  180 181 184 188 doublescan -hsync +vsync (22.5 kHz d)
[    34.635] (II) modeset(0): Modeline "320x180"x118.6    8.88  320 344 360 400  180 181 184 187 doublescan +hsync -vsync (22.2 kHz d)
[    34.648] (II) modeset(0): EDID for output VGA-1
[    34.648] (II) modeset(0): Manufacturer: GSM  Model: 4bad  Serial#: 703908
[    34.648] (II) modeset(0): Year: 2009  Week: 8
[    34.648] (II) modeset(0): EDID Version: 1.3
[    34.648] (II) modeset(0): Analog Display Input,  Input Voltage Level: 0.700/0.700 V
[    34.648] (II) modeset(0): Sync:  Separate  SyncOnGreen
[    34.648] (II) modeset(0): Max Image Size [cm]: horiz.: 41  vert.: 23
[    34.648] (II) modeset(0): Gamma: 2.20
[    34.648] (II) modeset(0): DPMS capabilities: StandBy Suspend Off; RGB/Color Display
[    34.648] (II) modeset(0): First detailed timing is preferred mode
[    34.648] (II) modeset(0): redX: 0.641 redY: 0.334   greenX: 0.301 greenY: 0.608
[    34.648] (II) modeset(0): blueX: 0.145 blueY: 0.073   whiteX: 0.313 whiteY: 0.329
[    34.648] (II) modeset(0): Supported established timings:
[    34.648] (II) modeset(0): 720x400@70Hz
[    34.648] (II) modeset(0): 640x480@60Hz
[    34.648] (II) modeset(0): 640x480@75Hz
[    34.648] (II) modeset(0): 800x600@60Hz
[    34.648] (II) modeset(0): 800x600@75Hz
[    34.648] (II) modeset(0): 832x624@75Hz
[    34.648] (II) modeset(0): 1024x768@60Hz
[    34.648] (II) modeset(0): 1024x768@75Hz
[    34.648] (II) modeset(0): Manufacturer's mask: 0
[    34.648] (II) modeset(0): Supported standard timings:
[    34.648] (II) modeset(0): #0: hsize: 640  vsize 480  refresh: 75  vid: 20273
[    34.648] (II) modeset(0): #1: hsize: 800  vsize 600  refresh: 75  vid: 20293
[    34.648] (II) modeset(0): #2: hsize: 1024  vsize 768  refresh: 75  vid: 20321
[    34.648] (II) modeset(0): Supported detailed timing:
[    34.648] (II) modeset(0): clock: 85.5 MHz   Image Size:  406 x 229 mm
[    34.648] (II) modeset(0): h_active: 1360  h_sync: 1424  h_sync_end 1536 h_blank_end 1792 h_border: 0
[    34.648] (II) modeset(0): v_active: 768  v_sync: 771  v_sync_end 777 v_blanking: 795 v_border: 0
[    34.648] (II) modeset(0): Ranges: V min: 56 V max: 75 Hz, H min: 30 H max: 61 kHz, PixClock max 95 MHz
[    34.648] (II) modeset(0): Monitor name: W1943
[    34.648] (II) modeset(0): EDID (in hex):
[    34.648] (II) modeset(0): 	00ffffffffffff001e6dad4ba4bd0a00
[    34.648] (II) modeset(0): 	081301036a291778ea2335a4554d9b25
[    34.648] (II) modeset(0): 	125054a56a00314f454f614f01010101
[    34.648] (II) modeset(0): 	010101010101662150b051001b304070
[    34.648] (II) modeset(0): 	360096e51000001e0000000000000000
[    34.648] (II) modeset(0): 	00000000000000000000000000fd0038
[    34.648] (II) modeset(0): 	4b1e3d09000a202020202020000000fc
[    34.649] (II) modeset(0): 	0057313934330a20202020202020008e
[    34.649] (II) modeset(0): Printing probed modes for output VGA-1
[    34.649] (II) modeset(0): Modeline "1360x768"x60.0   85.50  1360 1424 1536 1792  768 771 777 795 +hsync +vsync (47.7 kHz eP)
[    34.649] (II) modeset(0): Modeline "1024x768"x75.0   78.75  1024 1040 1136 1312  768 769 772 800 +hsync +vsync (60.0 kHz e)
[    34.649] (II) modeset(0): Modeline "1024x768"x60.0   65.00  1024 1048 1184 1344  768 771 777 806 -hsync -vsync (48.4 kHz e)
[    34.649] (II) modeset(0): Modeline "832x624"x74.6   57.28  832 864 928 1152  624 625 628 667 -hsync -vsync (49.7 kHz e)
[    34.649] (II) modeset(0): Modeline "800x600"x75.0   49.50  800 816 896 1056  600 601 604 625 +hsync +vsync (46.9 kHz e)
[    34.649] (II) modeset(0): Modeline "800x600"x60.3   40.00  800 840 968 1056  600 601 605 628 +hsync +vsync (37.9 kHz e)
[    34.649] (II) modeset(0): Modeline "640x480"x75.0   31.50  640 656 720 840  480 481 484 500 -hsync -vsync (37.5 kHz e)
[    34.649] (II) modeset(0): Modeline "640x480"x59.9   25.18  640 656 752 800  480 490 492 525 -hsync -vsync (31.5 kHz e)
[    34.649] (II) modeset(0): Modeline "720x400"x70.1   28.32  720 738 846 900  400 412 414 449 -hsync +vsync (31.5 kHz e)
[    34.649] (II) modeset(0): Output LVDS-1 connected
[    34.649] (II) modeset(0): Output VGA-1 connected
[    34.649] (II) modeset(0): Using spanning desktop for initial modes
[    34.649] (II) modeset(0): Output LVDS-1 using initial mode 1024x600 +0+0
[    34.649] (II) modeset(0): Output VGA-1 using initial mode 1360x768 +1024+0
[    34.649] (==) modeset(0): Using gamma correction (1.0, 1.0, 1.0)
[    34.649] (==) modeset(0): DPI set to (96, 96)
[    34.649] (II) Loading sub module "fb"
[    34.649] (II) LoadModule: "fb"
[    34.649] (II) Module "fb" already built-in
[    34.823] (==) modeset(0): Backing store enabled
[    34.823] (==) modeset(0): Silken mouse enabled
[    34.847] (II) modeset(0): Initializing kms color map for depth 24, 8 bpc.
[    34.847] (==) modeset(0): DPMS enabled
[    34.848] (II) modeset(0): [DRI2] Setup complete
[    34.848] (II) modeset(0): [DRI2]   DRI driver: crocus
[    34.848] (II) modeset(0): [DRI2]   VDPAU driver: va_gl
[    34.848] (II) Initializing extension Generic Event Extension
[    34.848] (II) Initializing extension SHAPE
[    34.848] (II) Initializing extension MIT-SHM
[    34.849] (II) Initializing extension XInputExtension
[    34.849] (II) Initializing extension XTEST
[    34.850] (II) Initializing extension BIG-REQUESTS
[    34.850] (II) Initializing extension SYNC
[    34.850] (II) Initializing extension XKEYBOARD
[    34.851] (II) Initializing extension XC-MISC
[    34.851] (II) Initializing extension SECURITY
[    34.851] (II) Initializing extension XFIXES
[    34.852] (II) Initializing extension RENDER
[    34.852] (II) Initializing extension RANDR
[    34.853] (II) Initializing extension COMPOSITE
[    34.853] (II) Initializing extension DAMAGE
[    34.853] (II) Initializing extension MIT-SCREEN-SAVER
[    34.854] (II) Initializing extension DOUBLE-BUFFER
[    34.854] (II) Initializing extension RECORD
[    34.855] (II) Initializing extension DPMS
[    34.855] (II) Initializing extension Present
[    34.855] (II) Initializing extension DRI3
[    34.856] (II) Initializing extension X-Resource
[    34.856] (II) Initializing extension XVideo
[    34.856] (II) Initializing extension XVideo-MotionCompensation
[    34.856] (II) Initializing extension GLX
[    34.907] (II) AIGLX: Loaded and initialized crocus
[    34.907] (II) GLX: Initialized DRI2 GL provider for screen 0
[    34.907] (II) Initializing extension XFree86-VidModeExtension
[    34.908] (II) Initializing extension XFree86-DGA
[    34.908] (II) Initializing extension XFree86-DRI
[    34.908] (II) Initializing extension DRI2
[    34.909] (II) modeset(0): Damage tracking initialized
[    34.909] (II) modeset(0): Setting screen physical size to 630 x 203
[    35.370] (II) config/udev: Adding input device Power Button (/dev/input/event3)
[    35.370] (**) Power Button: Applying InputClass "libinput keyboard catchall"
[    35.370] (**) Power Button: Applying InputClass "system-keyboard"
[    35.370] (II) LoadModule: "libinput"
[    35.370] (II) Loading /usr/lib/xorg/modules/input/libinput_drv.so
[    35.433] (II) Module libinput: vendor="X.Org Foundation"
[    35.433] 	compiled for 1.21.1.13, module version = 1.5.0
[    35.433] 	Module class: X.Org XInput Driver
[    35.433] 	ABI class: X.Org XInput driver, version 24.4
[    35.433] (II) Using input driver 'libinput' for 'Power Button'
[    35.436] (II) systemd-logind: got fd for /dev/input/event3 13:67 fd 25 paused 0
[    35.436] (**) Power Button: always reports core events
[    35.436] (**) Option "Device" "/dev/input/event3"
[    35.497] (II) event3  - Power Button: is tagged by udev as: Keyboard
[    35.498] (II) event3  - Power Button: device is a keyboard
[    35.498] (II) event3  - Power Button: device removed
[    35.498] (**) Option "config_info" "udev:/sys/devices/LNXSYSTM:00/LNXPWRBN:00/input/input3/event3"
[    35.498] (II) XINPUT: Adding extended input device "Power Button" (type: KEYBOARD, id 6)
[    35.498] (**) Option "xkb_model" "pc105"
[    35.498] (**) Option "xkb_layout" "es"
[    35.498] (**) Option "xkb_options" "terminate:ctrl_alt_bksp"
[    35.586] (II) event3  - Power Button: is tagged by udev as: Keyboard
[    35.586] (II) event3  - Power Button: device is a keyboard
[    35.588] (II) config/udev: Adding input device Video Bus (/dev/input/event10)
[    35.588] (**) Video Bus: Applying InputClass "libinput keyboard catchall"
[    35.589] (**) Video Bus: Applying InputClass "system-keyboard"
[    35.589] (II) Using input driver 'libinput' for 'Video Bus'
[    35.591] (II) systemd-logind: got fd for /dev/input/event10 13:74 fd 28 paused 0
[    35.591] (**) Video Bus: always reports core events
[    35.591] (**) Option "Device" "/dev/input/event10"
[    35.595] (II) event10 - Video Bus: is tagged by udev as: Keyboard
[    35.595] (II) event10 - Video Bus: device is a keyboard
[    35.595] (II) event10 - Video Bus: device removed
[    35.595] (**) Option "config_info" "udev:/sys/devices/LNXSYSTM:00/LNXSYBUS:00/PNP0A08:00/LNXVIDEO:00/input/input14/event10"
[    35.595] (II) XINPUT: Adding extended input device "Video Bus" (type: KEYBOARD, id 7)
[    35.595] (**) Option "xkb_model" "pc105"
[    35.595] (**) Option "xkb_layout" "es"
[    35.595] (**) Option "xkb_options" "terminate:ctrl_alt_bksp"
[    35.599] (II) event10 - Video Bus: is tagged by udev as: Keyboard
[    35.600] (II) event10 - Video Bus: device is a keyboard
[    35.602] (II) config/udev: Adding input device Lid Switch (/dev/input/event0)
[    35.602] (II) No input driver specified, ignoring this device.
[    35.602] (II) This device may have been added with another device file.
[    35.605] (II) config/udev: Adding input device cmpc_keys (/dev/input/event11)
[    35.605] (**) cmpc_keys: Applying InputClass "libinput keyboard catchall"
[    35.605] (**) cmpc_keys: Applying InputClass "system-keyboard"
[    35.605] (II) Using input driver 'libinput' for 'cmpc_keys'
[    35.608] (II) systemd-logind: got fd for /dev/input/event11 13:75 fd 29 paused 0
[    35.608] (**) cmpc_keys: always reports core events
[    35.608] (**) Option "Device" "/dev/input/event11"
[    35.614] (II) event11 - cmpc_keys: is tagged by udev as: Keyboard
[    35.615] (II) event11 - cmpc_keys: device is a keyboard
[    35.615] (II) event11 - cmpc_keys: device removed
[    35.615] (**) Option "config_info" "udev:/sys/devices/LNXSYSTM:00/LNXSYBUS:00/PNP0A08:00/device:01/FNBT0000:00/input/input15/event11"
[    35.615] (II) XINPUT: Adding extended input device "cmpc_keys" (type: KEYBOARD, id 8)
[    35.615] (**) Option "xkb_model" "pc105"
[    35.615] (**) Option "xkb_layout" "es"
[    35.615] (**) Option "xkb_options" "terminate:ctrl_alt_bksp"
[    35.621] (II) event11 - cmpc_keys: is tagged by udev as: Keyboard
[    35.622] (II) event11 - cmpc_keys: device is a keyboard
[    35.625] (II) config/udev: Adding input device Power Button (/dev/input/event1)
[    35.625] (**) Power Button: Applying InputClass "libinput keyboard catchall"
[    35.625] (**) Power Button: Applying InputClass "system-keyboard"
[    35.625] (II) Using input driver 'libinput' for 'Power Button'
[    35.628] (II) systemd-logind: got fd for /dev/input/event1 13:65 fd 30 paused 0
[    35.628] (**) Power Button: always reports core events
[    35.628] (**) Option "Device" "/dev/input/event1"
[    35.632] (II) event1  - Power Button: is tagged by udev as: Keyboard
[    35.632] (II) event1  - Power Button: device is a keyboard
[    35.633] (II) event1  - Power Button: device removed
[    35.633] (**) Option "config_info" "udev:/sys/devices/LNXSYSTM:00/LNXSYBUS:00/PNP0C0C:00/input/input1/event1"
[    35.633] (II) XINPUT: Adding extended input device "Power Button" (type: KEYBOARD, id 9)
[    35.633] (**) Option "xkb_model" "pc105"
[    35.633] (**) Option "xkb_layout" "es"
[    35.633] (**) Option "xkb_options" "terminate:ctrl_alt_bksp"
[    35.637] (II) event1  - Power Button: is tagged by udev as: Keyboard
[    35.637] (II) event1  - Power Button: device is a keyboard
[    35.640] (II) config/udev: Adding input device Sleep Button (/dev/input/event2)
[    35.640] (**) Sleep Button: Applying InputClass "libinput keyboard catchall"
[    35.640] (**) Sleep Button: Applying InputClass "system-keyboard"
[    35.640] (II) Using input driver 'libinput' for 'Sleep Button'
[    35.643] (II) systemd-logind: got fd for /dev/input/event2 13:66 fd 31 paused 0
[    35.643] (**) Sleep Button: always reports core events
[    35.643] (**) Option "Device" "/dev/input/event2"
[    35.647] (II) event2  - Sleep Button: is tagged by udev as: Keyboard
[    35.648] (II) event2  - Sleep Button: device is a keyboard
[    35.648] (II) event2  - Sleep Button: device removed
[    35.648] (**) Option "config_info" "udev:/sys/devices/LNXSYSTM:00/LNXSYBUS:00/PNP0C0E:00/input/input2/event2"
[    35.648] (II) XINPUT: Adding extended input device "Sleep Button" (type: KEYBOARD, id 10)
[    35.648] (**) Option "xkb_model" "pc105"
[    35.648] (**) Option "xkb_layout" "es"
[    35.648] (**) Option "xkb_options" "terminate:ctrl_alt_bksp"
[    35.652] (II) event2  - Sleep Button: is tagged by udev as: Keyboard
[    35.653] (II) event2  - Sleep Button: device is a keyboard
[    35.657] (II) config/udev: Adding input device HDA Intel PCH Mic (/dev/input/event14)
[    35.657] (II) No input driver specified, ignoring this device.
[    35.657] (II) This device may have been added with another device file.
[    35.659] (II) config/udev: Adding input device HDA Intel PCH Headphone (/dev/input/event15)
[    35.659] (II) No input driver specified, ignoring this device.
[    35.659] (II) This device may have been added with another device file.
[    35.661] (II) config/udev: Adding input device HDA Intel PCH Headphone (/dev/input/event16)
[    35.661] (II) No input driver specified, ignoring this device.
[    35.661] (II) This device may have been added with another device file.
[    35.663] (II) config/udev: Adding input device HDA Intel PCH HDMI/DP,pcm=3 (/dev/input/event17)
[    35.663] (II) No input driver specified, ignoring this device.
[    35.663] (II) This device may have been added with another device file.
[    35.667] (II) config/udev: Adding input device Lite-On Technology Corp HP USB Multimedia Keyboard (/dev/input/event5)
[    35.667] (**) Lite-On Technology Corp HP USB Multimedia Keyboard: Applying InputClass "libinput keyboard catchall"
[    35.667] (**) Lite-On Technology Corp HP USB Multimedia Keyboard: Applying InputClass "system-keyboard"
[    35.667] (II) Using input driver 'libinput' for 'Lite-On Technology Corp HP USB Multimedia Keyboard'
[    35.670] (II) systemd-logind: got fd for /dev/input/event5 13:69 fd 32 paused 0
[    35.670] (**) Lite-On Technology Corp HP USB Multimedia Keyboard: always reports core events
[    35.670] (**) Option "Device" "/dev/input/event5"
[    35.677] (II) event5  - Lite-On Technology Corp HP USB Multimedia Keyboard: is tagged by udev as: Keyboard
[    35.677] (II) event5  - Lite-On Technology Corp HP USB Multimedia Keyboard: device is a keyboard
[    35.678] (II) event5  - Lite-On Technology Corp HP USB Multimedia Keyboard: device removed
[    35.678] (**) Option "config_info" "udev:/sys/devices/pci0000:00/0000:00:1d.0/usb2/2-1/2-1.1/2-1.1:1.0/0003:04CA:008E.0001/input/input9/event5"
[    35.678] (II) XINPUT: Adding extended input device "Lite-On Technology Corp HP USB Multimedia Keyboard" (type: KEYBOARD, id 11)
[    35.678] (**) Option "xkb_model" "pc105"
[    35.678] (**) Option "xkb_layout" "es"
[    35.678] (**) Option "xkb_options" "terminate:ctrl_alt_bksp"
[    35.685] (II) event5  - Lite-On Technology Corp HP USB Multimedia Keyboard: is tagged by udev as: Keyboard
[    35.685] (II) event5  - Lite-On Technology Corp HP USB Multimedia Keyboard: device is a keyboard
[    35.690] (II) config/udev: Adding input device Lite-On Technology Corp HP USB Multimedia Keyboard Consumer Control (/dev/input/event6)
[    35.690] (**) Lite-On Technology Corp HP USB Multimedia Keyboard Consumer Control: Applying InputClass "libinput keyboard catchall"
[    35.690] (**) Lite-On Technology Corp HP USB Multimedia Keyboard Consumer Control: Applying InputClass "system-keyboard"
[    35.690] (II) Using input driver 'libinput' for 'Lite-On Technology Corp HP USB Multimedia Keyboard Consumer Control'
[    35.693] (II) systemd-logind: got fd for /dev/input/event6 13:70 fd 33 paused 0
[    35.693] (**) Lite-On Technology Corp HP USB Multimedia Keyboard Consumer Control: always reports core events
[    35.693] (**) Option "Device" "/dev/input/event6"
[    35.699] (II) event6  - Lite-On Technology Corp HP USB Multimedia Keyboard Consumer Control: is tagged by udev as: Keyboard
[    35.700] (II) event6  - Lite-On Technology Corp HP USB Multimedia Keyboard Consumer Control: device is a keyboard
[    35.700] (II) event6  - Lite-On Technology Corp HP USB Multimedia Keyboard Consumer Control: device removed
[    35.700] (II) libinput: Lite-On Technology Corp HP USB Multimedia Keyboard Consumer Control: needs a virtual subdevice
[    35.700] (**) Option "config_info" "udev:/sys/devices/pci0000:00/0000:00:1d.0/usb2/2-1/2-1.1/2-1.1:1.1/0003:04CA:008E.0002/input/input10/event6"
[    35.700] (II) XINPUT: Adding extended input device "Lite-On Technology Corp HP USB Multimedia Keyboard Consumer Control" (type: MOUSE, id 12)
[    35.701] (**) Option "AccelerationScheme" "none"
[    35.701] (**) Lite-On Technology Corp HP USB Multimedia Keyboard Consumer Control: (accel) selected scheme none/0
[    35.701] (**) Lite-On Technology Corp HP USB Multimedia Keyboard Consumer Control: (accel) acceleration factor: 2.000
[    35.701] (**) Lite-On Technology Corp HP USB Multimedia Keyboard Consumer Control: (accel) acceleration threshold: 4
[    35.707] (II) event6  - Lite-On Technology Corp HP USB Multimedia Keyboard Consumer Control: is tagged by udev as: Keyboard
[    35.707] (II) event6  - Lite-On Technology Corp HP USB Multimedia Keyboard Consumer Control: device is a keyboard
[    35.712] (II) config/udev: Adding input device Lite-On Technology Corp HP USB Multimedia Keyboard System Control (/dev/input/event7)
[    35.712] (**) Lite-On Technology Corp HP USB Multimedia Keyboard System Control: Applying InputClass "libinput keyboard catchall"
[    35.712] (**) Lite-On Technology Corp HP USB Multimedia Keyboard System Control: Applying InputClass "system-keyboard"
[    35.712] (II) Using input driver 'libinput' for 'Lite-On Technology Corp HP USB Multimedia Keyboard System Control'
[    35.714] (II) systemd-logind: got fd for /dev/input/event7 13:71 fd 34 paused 0
[    35.715] (**) Lite-On Technology Corp HP USB Multimedia Keyboard System Control: always reports core events
[    35.715] (**) Option "Device" "/dev/input/event7"
[    35.721] (II) event7  - Lite-On Technology Corp HP USB Multimedia Keyboard System Control: is tagged by udev as: Keyboard
[    35.721] (II) event7  - Lite-On Technology Corp HP USB Multimedia Keyboard System Control: device is a keyboard
[    35.721] (II) event7  - Lite-On Technology Corp HP USB Multimedia Keyboard System Control: device removed
[    35.721] (**) Option "config_info" "udev:/sys/devices/pci0000:00/0000:00:1d.0/usb2/2-1/2-1.1/2-1.1:1.1/0003:04CA:008E.0002/input/input11/event7"
[    35.721] (II) XINPUT: Adding extended input device "Lite-On Technology Corp HP USB Multimedia Keyboard System Control" (type: KEYBOARD, id 13)
[    35.722] (**) Option "xkb_model" "pc105"
[    35.722] (**) Option "xkb_layout" "es"
[    35.722] (**) Option "xkb_options" "terminate:ctrl_alt_bksp"
[    35.728] (II) event7  - Lite-On Technology Corp HP USB Multimedia Keyboard System Control: is tagged by udev as: Keyboard
[    35.728] (II) event7  - Lite-On Technology Corp HP USB Multimedia Keyboard System Control: device is a keyboard
[    35.733] (II) config/udev: Adding input device C-Media Electronics Inc.       USB PnP Sound Device (/dev/input/event9)
[    35.733] (**) C-Media Electronics Inc.       USB PnP Sound Device: Applying InputClass "libinput keyboard catchall"
[    35.733] (**) C-Media Electronics Inc.       USB PnP Sound Device: Applying InputClass "system-keyboard"
[    35.733] (II) Using input driver 'libinput' for 'C-Media Electronics Inc.       USB PnP Sound Device'
[    35.736] (II) systemd-logind: got fd for /dev/input/event9 13:73 fd 35 paused 0
[    35.736] (**) C-Media Electronics Inc.       USB PnP Sound Device: always reports core events
[    35.736] (**) Option "Device" "/dev/input/event9"
[    35.742] (II) event9  - C-Media Electronics Inc.       USB PnP Sound Device: is tagged by udev as: Keyboard
[    35.743] (II) event9  - C-Media Electronics Inc.       USB PnP Sound Device: device is a keyboard
[    35.743] (II) event9  - C-Media Electronics Inc.       USB PnP Sound Device: device removed
[    35.743] (**) Option "config_info" "udev:/sys/devices/pci0000:00/0000:00:1d.0/usb2/2-1/2-1.2/2-1.2.3/2-1.2.3:1.3/0003:8086:0808.0004/input/input13/event9"
[    35.743] (II) XINPUT: Adding extended input device "C-Media Electronics Inc.       USB PnP Sound Device" (type: KEYBOARD, id 14)
[    35.743] (**) Option "xkb_model" "pc105"
[    35.743] (**) Option "xkb_layout" "es"
[    35.743] (**) Option "xkb_options" "terminate:ctrl_alt_bksp"
[    35.750] (II) event9  - C-Media Electronics Inc.       USB PnP Sound Device: is tagged by udev as: Keyboard
[    35.750] (II) event9  - C-Media Electronics Inc.       USB PnP Sound Device: device is a keyboard
[    35.754] (II) config/udev: Adding input device  USB OPTICAL MOUSE (/dev/input/event8)
[    35.754] (**)  USB OPTICAL MOUSE: Applying InputClass "libinput pointer catchall"
[    35.755] (II) Using input driver 'libinput' for ' USB OPTICAL MOUSE'
[    35.809] (II) systemd-logind: got fd for /dev/input/event8 13:72 fd 36 paused 0
[    35.809] (**)  USB OPTICAL MOUSE: always reports core events
[    35.809] (**) Option "Device" "/dev/input/event8"
[    35.815] (II) event8  -  USB OPTICAL MOUSE: is tagged by udev as: Mouse
[    35.816] (II) event8  -  USB OPTICAL MOUSE: device is a pointer
[    35.816] (II) event8  -  USB OPTICAL MOUSE: device removed
[    35.816] (II) libinput:  USB OPTICAL MOUSE: Step value 0 was provided, libinput Fallback acceleration function is used.
[    35.816] (II) libinput:  USB OPTICAL MOUSE: Step value 0 was provided, libinput Fallback acceleration function is used.
[    35.816] (II) libinput:  USB OPTICAL MOUSE: Step value 0 was provided, libinput Fallback acceleration function is used.
[    35.816] (**) Option "config_info" "udev:/sys/devices/pci0000:00/0000:00:1d.0/usb2/2-1/2-1.4/2-1.4:1.0/0003:0000:0538.0003/input/input12/event8"
[    35.816] (II) XINPUT: Adding extended input device " USB OPTICAL MOUSE" (type: MOUSE, id 15)
[    35.817] (**) Option "AccelerationScheme" "none"
[    35.817] (**)  USB OPTICAL MOUSE: (accel) selected scheme none/0
[    35.817] (**)  USB OPTICAL MOUSE: (accel) acceleration factor: 2.000
[    35.817] (**)  USB OPTICAL MOUSE: (accel) acceleration threshold: 4
[    35.823] (II) event8  -  USB OPTICAL MOUSE: is tagged by udev as: Mouse
[    35.824] (II) event8  -  USB OPTICAL MOUSE: device is a pointer
[    35.828] (II) config/udev: Adding input device  USB OPTICAL MOUSE (/dev/input/mouse0)
[    35.828] (II) No input driver specified, ignoring this device.
[    35.828] (II) This device may have been added with another device file.
[    35.830] (II) config/udev: Adding input device AT Translated Set 2 keyboard (/dev/input/event4)
[    35.830] (**) AT Translated Set 2 keyboard: Applying InputClass "libinput keyboard catchall"
[    35.830] (**) AT Translated Set 2 keyboard: Applying InputClass "system-keyboard"
[    35.830] (II) Using input driver 'libinput' for 'AT Translated Set 2 keyboard'
[    35.832] (II) systemd-logind: got fd for /dev/input/event4 13:68 fd 37 paused 0
[    35.833] (**) AT Translated Set 2 keyboard: always reports core events
[    35.833] (**) Option "Device" "/dev/input/event4"
[    35.836] (II) event4  - AT Translated Set 2 keyboard: is tagged by udev as: Keyboard
[    35.836] (II) event4  - AT Translated Set 2 keyboard: device is a keyboard
[    35.839] (II) event4  - AT Translated Set 2 keyboard: device removed
[    35.840] (**) Option "config_info" "udev:/sys/devices/platform/i8042/serio0/input/input4/event4"
[    35.840] (II) XINPUT: Adding extended input device "AT Translated Set 2 keyboard" (type: KEYBOARD, id 16)
[    35.840] (**) Option "xkb_model" "pc105"
[    35.840] (**) Option "xkb_layout" "es"
[    35.840] (**) Option "xkb_options" "terminate:ctrl_alt_bksp"
[    35.843] (II) event4  - AT Translated Set 2 keyboard: is tagged by udev as: Keyboard
[    35.844] (II) event4  - AT Translated Set 2 keyboard: device is a keyboard
[    35.849] (II) config/udev: Adding input device SynPS/2 Synaptics TouchPad (/dev/input/event13)
[    35.849] (**) SynPS/2 Synaptics TouchPad: Applying InputClass "libinput touchpad catchall"
[    35.849] (II) Using input driver 'libinput' for 'SynPS/2 Synaptics TouchPad'
[    35.852] (II) systemd-logind: got fd for /dev/input/event13 13:77 fd 38 paused 0
[    35.852] (**) SynPS/2 Synaptics TouchPad: always reports core events
[    35.852] (**) Option "Device" "/dev/input/event13"
[    35.855] (II) event13 - SynPS/2 Synaptics TouchPad: is tagged by udev as: Touchpad
[    35.860] (II) event13 - SynPS/2 Synaptics TouchPad: device is a touchpad
[    35.861] (II) event13 - SynPS/2 Synaptics TouchPad: device removed
[    35.861] (II) libinput: SynPS/2 Synaptics TouchPad: Step value 0 was provided, libinput Fallback acceleration function is used.
[    35.861] (II) libinput: SynPS/2 Synaptics TouchPad: Step value 0 was provided, libinput Fallback acceleration function is used.
[    35.861] (II) libinput: SynPS/2 Synaptics TouchPad: Step value 0 was provided, libinput Fallback acceleration function is used.
[    35.862] (**) Option "config_info" "udev:/sys/devices/platform/i8042/serio4/input/input20/event13"
[    35.862] (II) XINPUT: Adding extended input device "SynPS/2 Synaptics TouchPad" (type: TOUCHPAD, id 17)
[    35.865] (**) Option "AccelerationScheme" "none"
[    35.865] (**) SynPS/2 Synaptics TouchPad: (accel) selected scheme none/0
[    35.865] (**) SynPS/2 Synaptics TouchPad: (accel) acceleration factor: 2.000
[    35.865] (**) SynPS/2 Synaptics TouchPad: (accel) acceleration threshold: 4
[    35.868] (II) event13 - SynPS/2 Synaptics TouchPad: is tagged by udev as: Touchpad
[    35.873] (II) event13 - SynPS/2 Synaptics TouchPad: device is a touchpad
[    35.876] (II) config/udev: Adding input device SynPS/2 Synaptics TouchPad (/dev/input/mouse1)
[    35.876] (II) No input driver specified, ignoring this device.
[    35.876] (II) This device may have been added with another device file.
[    35.878] (II) config/udev: Adding input device PC Speaker (/dev/input/event12)
[    35.878] (II) No input driver specified, ignoring this device.
[    35.878] (II) This device may have been added with another device file.
[    35.909] (**) Lite-On Technology Corp HP USB Multimedia Keyboard Consumer Control: Applying InputClass "libinput keyboard catchall"
[    35.909] (**) Lite-On Technology Corp HP USB Multimedia Keyboard Consumer Control: Applying InputClass "system-keyboard"
[    35.909] (II) Using input driver 'libinput' for 'Lite-On Technology Corp HP USB Multimedia Keyboard Consumer Control'
[    35.909] (II) systemd-logind: returning pre-existing fd for /dev/input/event6 13:70
[    35.909] (**) Lite-On Technology Corp HP USB Multimedia Keyboard Consumer Control: always reports core events
[    35.909] (**) Option "Device" "/dev/input/event6"
[    35.909] (II) libinput: Lite-On Technology Corp HP USB Multimedia Keyboard Consumer Control: is a virtual subdevice
[    35.909] (**) Option "config_info" "udev:/sys/devices/pci0000:00/0000:00:1d.0/usb2/2-1/2-1.1/2-1.1:1.1/0003:04CA:008E.0002/input/input10/event6"
[    35.909] (II) XINPUT: Adding extended input device "Lite-On Technology Corp HP USB Multimedia Keyboard Consumer Control" (type: KEYBOARD, id 18)
[    35.909] (**) Option "xkb_model" "pc105"
[    35.909] (**) Option "xkb_layout" "es"
[    35.909] (**) Option "xkb_options" "terminate:ctrl_alt_bksp"
[    39.025] (II) modeset(0): EDID vendor "SEC", prod id 12336
[    39.025] (II) modeset(0): Printing DDC gathered Modelines:
[    39.025] (II) modeset(0): Modeline "1024x600"x0.0   54.20  1024 1048 1184 1344  600 603 609 670 -hsync -vsync (40.3 kHz eP)
[   413.683] (EE) event8  -  USB OPTICAL MOUSE: client bug: event processing lagging behind by 62ms, your system is too slow
[   415.215] (II) modeset(0): EDID vendor "SEC", prod id 12336
[   415.216] (II) modeset(0): Printing DDC gathered Modelines:
[   415.216] (II) modeset(0): Modeline "1024x600"x0.0   54.20  1024 1048 1184 1344  600 603 609 670 -hsync -vsync (40.3 kHz eP)
[   415.316] (II) modeset(0): EDID vendor "SEC", prod id 12336
[   415.316] (II) modeset(0): Printing DDC gathered Modelines:
[   415.316] (II) modeset(0): Modeline "1024x600"x0.0   54.20  1024 1048 1184 1344  600 603 609 670 -hsync -vsync (40.3 kHz eP)
[   860.159] (II) modeset(0): EDID vendor "SEC", prod id 12336
[   860.159] (II) modeset(0): Printing DDC gathered Modelines:
[   860.159] (II) modeset(0): Modeline "1024x600"x0.0   54.20  1024 1048 1184 1344  600 603 609 670 -hsync -vsync (40.3 kHz eP)
[   860.225] (II) modeset(0): EDID vendor "SEC", prod id 12336
[   860.226] (II) modeset(0): Printing DDC gathered Modelines:
[   860.226] (II) modeset(0): Modeline "1024x600"x0.0   54.20  1024 1048 1184 1344  600 603 609 670 -hsync -vsync (40.3 kHz eP)
[   860.278] (II) config/udev: removing device Power Button
[   860.278] (**) Option "fd" "25"
[   860.279] (II) event3  - Power Button: device removed
[   860.280] (II) UnloadModule: "libinput"
[   860.280] (II) systemd-logind: releasing fd for 13:67
[   860.338] (II) config/udev: Adding input device Power Button (/dev/input/event3)
[   860.338] (**) Power Button: Applying InputClass "libinput keyboard catchall"
[   860.338] (**) Power Button: Applying InputClass "system-keyboard"
[   860.338] (II) Using input driver 'libinput' for 'Power Button'
[   860.353] (II) systemd-logind: got fd for /dev/input/event3 13:67 fd 75 paused 0
[   860.353] (**) Power Button: always reports core events
[   860.354] (**) Option "Device" "/dev/input/event3"
[   860.360] (II) event3  - Power Button: is tagged by udev as: Keyboard
[   860.360] (II) event3  - Power Button: device is a keyboard
[   860.361] (II) event3  - Power Button: device removed
[   860.361] (**) Option "config_info" "udev:/sys/devices/LNXSYSTM:00/LNXPWRBN:00/input/input3/event3"
[   860.361] (II) XINPUT: Adding extended input device "Power Button" (type: KEYBOARD, id 6)
[   860.361] (**) Option "xkb_model" "pc105"
[   860.361] (**) Option "xkb_layout" "es"
[   860.361] (**) Option "xkb_options" "terminate:ctrl_alt_bksp"
[   860.371] (II) event3  - Power Button: is tagged by udev as: Keyboard
[   860.371] (II) event3  - Power Button: device is a keyboard
[   860.373] (EE) event8  -  USB OPTICAL MOUSE: client bug: event processing lagging behind by 92ms, your system is too slow
[   860.377] (II) config/udev: Adding input device HDA Intel PCH Mic (/dev/input/event14)
[   860.377] (II) No input driver specified, ignoring this device.
[   860.377] (II) This device may have been added with another device file.
[   860.443] (II) config/udev: removing device Video Bus
[   860.443] (**) Option "fd" "28"
[   860.443] (II) event10 - Video Bus: device removed
[   860.445] (II) UnloadModule: "libinput"
[   860.445] (II) systemd-logind: releasing fd for 13:74
[   860.466] (II) config/udev: Adding input device Video Bus (/dev/input/event10)
[   860.467] (**) Video Bus: Applying InputClass "libinput keyboard catchall"
[   860.467] (**) Video Bus: Applying InputClass "system-keyboard"
[   860.467] (II) Using input driver 'libinput' for 'Video Bus'
[   860.472] (II) systemd-logind: got fd for /dev/input/event10 13:74 fd 28 paused 0
[   860.472] (**) Video Bus: always reports core events
[   860.472] (**) Option "Device" "/dev/input/event10"
[   860.482] (II) event10 - Video Bus: is tagged by udev as: Keyboard
[   860.482] (II) event10 - Video Bus: device is a keyboard
[   860.482] (II) event10 - Video Bus: device removed
[   860.482] (**) Option "config_info" "udev:/sys/devices/LNXSYSTM:00/LNXSYBUS:00/PNP0A08:00/LNXVIDEO:00/input/input14/event10"
[   860.482] (II) XINPUT: Adding extended input device "Video Bus" (type: KEYBOARD, id 7)
[   860.485] (**) Option "xkb_model" "pc105"
[   860.485] (**) Option "xkb_layout" "es"
[   860.485] (**) Option "xkb_options" "terminate:ctrl_alt_bksp"
[   860.491] (II) event10 - Video Bus: is tagged by udev as: Keyboard
[   860.491] (II) event10 - Video Bus: device is a keyboard
[   860.643] (II) config/udev: Adding input device Lid Switch (/dev/input/event0)
[   860.643] (II) No input driver specified, ignoring this device.
[   860.643] (II) This device may have been added with another device file.
[   860.647] (II) config/udev: removing device cmpc_keys
[   860.647] (**) Option "fd" "29"
[   860.647] (II) event11 - cmpc_keys: device removed
[   860.653] (II) UnloadModule: "libinput"
[   860.653] (II) systemd-logind: releasing fd for 13:75
[   860.680] (II) config/udev: Adding input device cmpc_keys (/dev/input/event11)
[   860.680] (**) cmpc_keys: Applying InputClass "libinput keyboard catchall"
[   860.680] (**) cmpc_keys: Applying InputClass "system-keyboard"
[   860.680] (II) Using input driver 'libinput' for 'cmpc_keys'
[   860.693] (II) systemd-logind: got fd for /dev/input/event11 13:75 fd 29 paused 0
[   860.693] (**) cmpc_keys: always reports core events
[   860.693] (**) Option "Device" "/dev/input/event11"
[   860.697] (II) event11 - cmpc_keys: is tagged by udev as: Keyboard
[   860.748] (II) event11 - cmpc_keys: device is a keyboard
[   860.748] (II) event11 - cmpc_keys: device removed
[   860.748] (**) Option "config_info" "udev:/sys/devices/LNXSYSTM:00/LNXSYBUS:00/PNP0A08:00/device:01/FNBT0000:00/input/input15/event11"
[   860.748] (II) XINPUT: Adding extended input device "cmpc_keys" (type: KEYBOARD, id 8)
[   860.748] (**) Option "xkb_model" "pc105"
[   860.748] (**) Option "xkb_layout" "es"
[   860.748] (**) Option "xkb_options" "terminate:ctrl_alt_bksp"
[   860.757] (II) event11 - cmpc_keys: is tagged by udev as: Keyboard
[   860.757] (II) event11 - cmpc_keys: device is a keyboard
[   860.759] (II) config/udev: removing device Sleep Button
[   860.760] (**) Option "fd" "31"
[   860.760] (II) event2  - Sleep Button: device removed
[   860.760] (II) UnloadModule: "libinput"
[   860.760] (II) systemd-logind: releasing fd for 13:66
[   860.769] (II) config/udev: Adding input device Sleep Button (/dev/input/event2)
[   860.770] (**) Sleep Button: Applying InputClass "libinput keyboard catchall"
[   860.770] (**) Sleep Button: Applying InputClass "system-keyboard"
[   860.770] (II) Using input driver 'libinput' for 'Sleep Button'
[   860.797] (II) systemd-logind: got fd for /dev/input/event2 13:66 fd 31 paused 0
[   860.797] (**) Sleep Button: always reports core events
[   860.797] (**) Option "Device" "/dev/input/event2"
[   860.800] (II) event2  - Sleep Button: is tagged by udev as: Keyboard
[   860.800] (II) event2  - Sleep Button: device is a keyboard
[   860.801] (II) event2  - Sleep Button: device removed
[   860.801] (**) Option "config_info" "udev:/sys/devices/LNXSYSTM:00/LNXSYBUS:00/PNP0C0E:00/input/input2/event2"
[   860.801] (II) XINPUT: Adding extended input device "Sleep Button" (type: KEYBOARD, id 10)
[   860.801] (**) Option "xkb_model" "pc105"
[   860.801] (**) Option "xkb_layout" "es"
[   860.801] (**) Option "xkb_options" "terminate:ctrl_alt_bksp"
[   860.809] (II) event2  - Sleep Button: is tagged by udev as: Keyboard
[   860.809] (II) event2  - Sleep Button: device is a keyboard
[   860.847] (II) config/udev: Adding input device HDA Intel PCH Headphone (/dev/input/event15)
[   860.847] (II) No input driver specified, ignoring this device.
[   860.847] (II) This device may have been added with another device file.
[   860.847] (II) config/udev: removing device Power Button
[   860.847] (**) Option "fd" "30"
[   860.847] (II) event1  - Power Button: device removed
[   860.849] (II) UnloadModule: "libinput"
[   860.849] (II) systemd-logind: releasing fd for 13:65
[   860.892] (II) config/udev: Adding input device Power Button (/dev/input/event1)
[   860.892] (**) Power Button: Applying InputClass "libinput keyboard catchall"
[   860.892] (**) Power Button: Applying InputClass "system-keyboard"
[   860.892] (II) Using input driver 'libinput' for 'Power Button'
[   860.965] (II) systemd-logind: got fd for /dev/input/event1 13:65 fd 30 paused 0
[   860.965] (**) Power Button: always reports core events
[   860.965] (**) Option "Device" "/dev/input/event1"
[   860.969] (II) event1  - Power Button: is tagged by udev as: Keyboard
[   860.969] (II) event1  - Power Button: device is a keyboard
[   860.970] (II) event1  - Power Button: device removed
[   860.970] (**) Option "config_info" "udev:/sys/devices/LNXSYSTM:00/LNXSYBUS:00/PNP0C0C:00/input/input1/event1"
[   860.970] (II) XINPUT: Adding extended input device "Power Button" (type: KEYBOARD, id 9)
[   860.970] (**) Option "xkb_model" "pc105"
[   860.970] (**) Option "xkb_layout" "es"
[   860.970] (**) Option "xkb_options" "terminate:ctrl_alt_bksp"
[   860.974] (II) event1  - Power Button: is tagged by udev as: Keyboard
[   860.975] (II) event1  - Power Button: device is a keyboard
[   860.976] (EE) event8  -  USB OPTICAL MOUSE: client bug: event processing lagging behind by 80ms, your system is too slow
[   860.979] (II) config/udev: Adding input device HDA Intel PCH Headphone (/dev/input/event16)
[   860.979] (II) No input driver specified, ignoring this device.
[   860.979] (II) This device may have been added with another device file.
[   860.981] (II) config/udev: Adding input device HDA Intel PCH HDMI/DP,pcm=3 (/dev/input/event17)
[   860.982] (II) No input driver specified, ignoring this device.
[   860.982] (II) This device may have been added with another device file.
[   861.109] (II) config/udev: removing device AT Translated Set 2 keyboard
[   861.109] (**) Option "fd" "37"
[   861.109] (II) event4  - AT Translated Set 2 keyboard: device removed
[   861.110] (II) UnloadModule: "libinput"
[   861.110] (II) systemd-logind: releasing fd for 13:68
[   861.132] (II) config/udev: Adding input device AT Translated Set 2 keyboard (/dev/input/event4)
[   861.132] (**) AT Translated Set 2 keyboard: Applying InputClass "libinput keyboard catchall"
[   861.132] (**) AT Translated Set 2 keyboard: Applying InputClass "system-keyboard"
[   861.132] (II) Using input driver 'libinput' for 'AT Translated Set 2 keyboard'
[   861.144] (II) systemd-logind: got fd for /dev/input/event4 13:68 fd 37 paused 0
[   861.144] (**) AT Translated Set 2 keyboard: always reports core events
[   861.144] (**) Option "Device" "/dev/input/event4"
[   861.148] (II) event4  - AT Translated Set 2 keyboard: is tagged by udev as: Keyboard
[   861.148] (II) event4  - AT Translated Set 2 keyboard: device is a keyboard
[   861.154] (II) event4  - AT Translated Set 2 keyboard: device removed
[   861.155] (**) Option "config_info" "udev:/sys/devices/platform/i8042/serio0/input/input4/event4"
[   861.155] (II) XINPUT: Adding extended input device "AT Translated Set 2 keyboard" (type: KEYBOARD, id 16)
[   861.155] (**) Option "xkb_model" "pc105"
[   861.155] (**) Option "xkb_layout" "es"
[   861.155] (**) Option "xkb_options" "terminate:ctrl_alt_bksp"
[   861.160] (II) event4  - AT Translated Set 2 keyboard: is tagged by udev as: Keyboard
[   861.161] (II) event4  - AT Translated Set 2 keyboard: device is a keyboard
[   861.273] (II) config/udev: Adding input device SynPS/2 Synaptics TouchPad (/dev/input/mouse1)
[   861.273] (II) No input driver specified, ignoring this device.
[   861.273] (II) This device may have been added with another device file.
[   861.395] (II) config/udev: Adding input device  USB OPTICAL MOUSE (/dev/input/mouse0)
[   861.395] (II) No input driver specified, ignoring this device.
[   861.395] (II) This device may have been added with another device file.
[   861.568] (II) config/udev: removing device  USB OPTICAL MOUSE
[   861.568] (**) Option "fd" "36"
[   861.568] (II) event8  -  USB OPTICAL MOUSE: device removed
[   861.569] (II) UnloadModule: "libinput"
[   861.569] (II) systemd-logind: releasing fd for 13:72
[   861.609] (II) config/udev: Adding input device  USB OPTICAL MOUSE (/dev/input/event8)
[   861.609] (**)  USB OPTICAL MOUSE: Applying InputClass "libinput pointer catchall"
[   861.609] (II) Using input driver 'libinput' for ' USB OPTICAL MOUSE'
[   861.691] (II) systemd-logind: got fd for /dev/input/event8 13:72 fd 36 paused 0
[   861.691] (**)  USB OPTICAL MOUSE: always reports core events
[   861.691] (**) Option "Device" "/dev/input/event8"
[   861.698] (II) event8  -  USB OPTICAL MOUSE: is tagged by udev as: Mouse
[   861.699] (II) event8  -  USB OPTICAL MOUSE: device is a pointer
[   861.700] (II) event8  -  USB OPTICAL MOUSE: device removed
[   861.700] (II) libinput:  USB OPTICAL MOUSE: Step value 0 was provided, libinput Fallback acceleration function is used.
[   861.700] (II) libinput:  USB OPTICAL MOUSE: Step value 0 was provided, libinput Fallback acceleration function is used.
[   861.700] (II) libinput:  USB OPTICAL MOUSE: Step value 0 was provided, libinput Fallback acceleration function is used.
[   861.700] (**) Option "config_info" "udev:/sys/devices/pci0000:00/0000:00:1d.0/usb2/2-1/2-1.4/2-1.4:1.0/0003:0000:0538.0003/input/input12/event8"
[   861.700] (II) XINPUT: Adding extended input device " USB OPTICAL MOUSE" (type: MOUSE, id 15)
[   861.704] (**) Option "AccelerationScheme" "none"
[   861.704] (**)  USB OPTICAL MOUSE: (accel) selected scheme none/0
[   861.704] (**)  USB OPTICAL MOUSE: (accel) acceleration factor: 2.000
[   861.704] (**)  USB OPTICAL MOUSE: (accel) acceleration threshold: 4
[   861.711] (II) event8  -  USB OPTICAL MOUSE: is tagged by udev as: Mouse
[   861.713] (II) event8  -  USB OPTICAL MOUSE: device is a pointer
[   861.718] (II) config/udev: Adding input device PC Speaker (/dev/input/event12)
[   861.718] (II) No input driver specified, ignoring this device.
[   861.718] (II) This device may have been added with another device file.
[   861.719] (II) config/udev: removing device SynPS/2 Synaptics TouchPad
[   861.719] (**) Option "fd" "38"
[   861.719] (II) event13 - SynPS/2 Synaptics TouchPad: device removed
[   861.724] (II) UnloadModule: "libinput"
[   861.724] (II) systemd-logind: releasing fd for 13:77
[   861.741] (II) config/udev: Adding input device SynPS/2 Synaptics TouchPad (/dev/input/event13)
[   861.742] (**) SynPS/2 Synaptics TouchPad: Applying InputClass "libinput touchpad catchall"
[   861.742] (II) Using input driver 'libinput' for 'SynPS/2 Synaptics TouchPad'
[   861.751] (II) systemd-logind: got fd for /dev/input/event13 13:77 fd 38 paused 0
[   861.751] (**) SynPS/2 Synaptics TouchPad: always reports core events
[   861.751] (**) Option "Device" "/dev/input/event13"
[   861.755] (II) event13 - SynPS/2 Synaptics TouchPad: is tagged by udev as: Touchpad
[   861.763] (II) event13 - SynPS/2 Synaptics TouchPad: device is a touchpad
[   861.765] (II) event13 - SynPS/2 Synaptics TouchPad: device removed
[   861.765] (II) libinput: SynPS/2 Synaptics TouchPad: Step value 0 was provided, libinput Fallback acceleration function is used.
[   861.765] (II) libinput: SynPS/2 Synaptics TouchPad: Step value 0 was provided, libinput Fallback acceleration function is used.
[   861.765] (II) libinput: SynPS/2 Synaptics TouchPad: Step value 0 was provided, libinput Fallback acceleration function is used.
[   861.768] (**) Option "config_info" "udev:/sys/devices/platform/i8042/serio4/input/input20/event13"
[   861.768] (II) XINPUT: Adding extended input device "SynPS/2 Synaptics TouchPad" (type: TOUCHPAD, id 17)
[   861.820] (**) Option "AccelerationScheme" "none"
[   861.820] (**) SynPS/2 Synaptics TouchPad: (accel) selected scheme none/0
[   861.820] (**) SynPS/2 Synaptics TouchPad: (accel) acceleration factor: 2.000
[   861.820] (**) SynPS/2 Synaptics TouchPad: (accel) acceleration threshold: 4
[   861.824] (II) event13 - SynPS/2 Synaptics TouchPad: is tagged by udev as: Touchpad
[   861.862] (II) event13 - SynPS/2 Synaptics TouchPad: device is a touchpad
[   861.942] (II) config/udev: removing device Lite-On Technology Corp HP USB Multimedia Keyboard
[   861.942] (**) Option "fd" "32"
[   861.942] (II) event5  - Lite-On Technology Corp HP USB Multimedia Keyboard: device removed
[   861.945] (II) UnloadModule: "libinput"
[   861.945] (II) systemd-logind: releasing fd for 13:69
[   862.010] (II) config/udev: Adding input device Lite-On Technology Corp HP USB Multimedia Keyboard (/dev/input/event5)
[   862.011] (**) Lite-On Technology Corp HP USB Multimedia Keyboard: Applying InputClass "libinput keyboard catchall"
[   862.011] (**) Lite-On Technology Corp HP USB Multimedia Keyboard: Applying InputClass "system-keyboard"
[   862.011] (II) Using input driver 'libinput' for 'Lite-On Technology Corp HP USB Multimedia Keyboard'
[   862.022] (II) systemd-logind: got fd for /dev/input/event5 13:69 fd 32 paused 0
[   862.022] (**) Lite-On Technology Corp HP USB Multimedia Keyboard: always reports core events
[   862.022] (**) Option "Device" "/dev/input/event5"
[   862.028] (II) event5  - Lite-On Technology Corp HP USB Multimedia Keyboard: is tagged by udev as: Keyboard
[   862.028] (II) event5  - Lite-On Technology Corp HP USB Multimedia Keyboard: device is a keyboard
[   862.029] (II) event5  - Lite-On Technology Corp HP USB Multimedia Keyboard: device removed
[   862.029] (**) Option "config_info" "udev:/sys/devices/pci0000:00/0000:00:1d.0/usb2/2-1/2-1.1/2-1.1:1.0/0003:04CA:008E.0001/input/input9/event5"
[   862.029] (II) XINPUT: Adding extended input device "Lite-On Technology Corp HP USB Multimedia Keyboard" (type: KEYBOARD, id 11)
[   862.029] (**) Option "xkb_model" "pc105"
[   862.029] (**) Option "xkb_layout" "es"
[   862.029] (**) Option "xkb_options" "terminate:ctrl_alt_bksp"
[   862.048] (II) event5  - Lite-On Technology Corp HP USB Multimedia Keyboard: is tagged by udev as: Keyboard
[   862.049] (II) event5  - Lite-On Technology Corp HP USB Multimedia Keyboard: device is a keyboard
[   862.055] (II) config/udev: removing device Lite-On Technology Corp HP USB Multimedia Keyboard Consumer Control
[   862.055] (**) Option "fd" "33"
[   862.056] (II) UnloadModule: "libinput"
[   862.056] (II) systemd-logind: not releasing fd for 13:70, still in use
[   862.056] (II) config/udev: removing device Lite-On Technology Corp HP USB Multimedia Keyboard Consumer Control
[   862.056] (**) Option "fd" "33"
[   862.056] (II) event6  - Lite-On Technology Corp HP USB Multimedia Keyboard Consumer Control: device removed
[   862.057] (II) UnloadModule: "libinput"
[   862.057] (II) systemd-logind: releasing fd for 13:70
[   862.098] (II) config/udev: Adding input device Lite-On Technology Corp HP USB Multimedia Keyboard Consumer Control (/dev/input/event6)
[   862.098] (**) Lite-On Technology Corp HP USB Multimedia Keyboard Consumer Control: Applying InputClass "libinput keyboard catchall"
[   862.098] (**) Lite-On Technology Corp HP USB Multimedia Keyboard Consumer Control: Applying InputClass "system-keyboard"
[   862.098] (II) Using input driver 'libinput' for 'Lite-On Technology Corp HP USB Multimedia Keyboard Consumer Control'
[   862.131] (II) systemd-logind: got fd for /dev/input/event6 13:70 fd 33 paused 0
[   862.131] (**) Lite-On Technology Corp HP USB Multimedia Keyboard Consumer Control: always reports core events
[   862.131] (**) Option "Device" "/dev/input/event6"
[   862.138] (II) event6  - Lite-On Technology Corp HP USB Multimedia Keyboard Consumer Control: is tagged by udev as: Keyboard
[   862.142] (II) event6  - Lite-On Technology Corp HP USB Multimedia Keyboard Consumer Control: device is a keyboard
[   862.143] (II) event6  - Lite-On Technology Corp HP USB Multimedia Keyboard Consumer Control: device removed
[   862.143] (II) libinput: Lite-On Technology Corp HP USB Multimedia Keyboard Consumer Control: needs a virtual subdevice
[   862.144] (**) Option "config_info" "udev:/sys/devices/pci0000:00/0000:00:1d.0/usb2/2-1/2-1.1/2-1.1:1.1/0003:04CA:008E.0002/input/input10/event6"
[   862.144] (II) XINPUT: Adding extended input device "Lite-On Technology Corp HP USB Multimedia Keyboard Consumer Control" (type: MOUSE, id 12)
[   862.144] (**) Option "AccelerationScheme" "none"
[   862.144] (**) Lite-On Technology Corp HP USB Multimedia Keyboard Consumer Control: (accel) selected scheme none/0
[   862.144] (**) Lite-On Technology Corp HP USB Multimedia Keyboard Consumer Control: (accel) acceleration factor: 2.000
[   862.144] (**) Lite-On Technology Corp HP USB Multimedia Keyboard Consumer Control: (accel) acceleration threshold: 4
[   862.153] (II) event6  - Lite-On Technology Corp HP USB Multimedia Keyboard Consumer Control: is tagged by udev as: Keyboard
[   862.154] (II) event6  - Lite-On Technology Corp HP USB Multimedia Keyboard Consumer Control: device is a keyboard
[   862.166] (**) Lite-On Technology Corp HP USB Multimedia Keyboard Consumer Control: Applying InputClass "libinput keyboard catchall"
[   862.166] (**) Lite-On Technology Corp HP USB Multimedia Keyboard Consumer Control: Applying InputClass "system-keyboard"
[   862.166] (II) Using input driver 'libinput' for 'Lite-On Technology Corp HP USB Multimedia Keyboard Consumer Control'
[   862.166] (II) systemd-logind: returning pre-existing fd for /dev/input/event6 13:70
[   862.166] (**) Lite-On Technology Corp HP USB Multimedia Keyboard Consumer Control: always reports core events
[   862.166] (**) Option "Device" "/dev/input/event6"
[   862.166] (II) libinput: Lite-On Technology Corp HP USB Multimedia Keyboard Consumer Control: is a virtual subdevice
[   862.166] (**) Option "config_info" "udev:/sys/devices/pci0000:00/0000:00:1d.0/usb2/2-1/2-1.1/2-1.1:1.1/0003:04CA:008E.0002/input/input10/event6"
[   862.166] (II) XINPUT: Adding extended input device "Lite-On Technology Corp HP USB Multimedia Keyboard Consumer Control" (type: KEYBOARD, id 18)
[   862.166] (**) Option "xkb_model" "pc105"
[   862.166] (**) Option "xkb_layout" "es"
[   862.166] (**) Option "xkb_options" "terminate:ctrl_alt_bksp"
[   862.174] (II) config/udev: removing device Lite-On Technology Corp HP USB Multimedia Keyboard System Control
[   862.174] (**) Option "fd" "34"
[   862.174] (II) event7  - Lite-On Technology Corp HP USB Multimedia Keyboard System Control: device removed
[   862.178] (II) UnloadModule: "libinput"
[   862.178] (II) systemd-logind: releasing fd for 13:71
[   862.217] (II) config/udev: Adding input device Lite-On Technology Corp HP USB Multimedia Keyboard System Control (/dev/input/event7)
[   862.217] (**) Lite-On Technology Corp HP USB Multimedia Keyboard System Control: Applying InputClass "libinput keyboard catchall"
[   862.217] (**) Lite-On Technology Corp HP USB Multimedia Keyboard System Control: Applying InputClass "system-keyboard"
[   862.217] (II) Using input driver 'libinput' for 'Lite-On Technology Corp HP USB Multimedia Keyboard System Control'
[   862.250] (II) systemd-logind: got fd for /dev/input/event7 13:71 fd 34 paused 0
[   862.250] (**) Lite-On Technology Corp HP USB Multimedia Keyboard System Control: always reports core events
[   862.250] (**) Option "Device" "/dev/input/event7"
[   862.302] (II) event7  - Lite-On Technology Corp HP USB Multimedia Keyboard System Control: is tagged by udev as: Keyboard
[   862.303] (II) event7  - Lite-On Technology Corp HP USB Multimedia Keyboard System Control: device is a keyboard
[   862.303] (II) event7  - Lite-On Technology Corp HP USB Multimedia Keyboard System Control: device removed
[   862.303] (**) Option "config_info" "udev:/sys/devices/pci0000:00/0000:00:1d.0/usb2/2-1/2-1.1/2-1.1:1.1/0003:04CA:008E.0002/input/input11/event7"
[   862.303] (II) XINPUT: Adding extended input device "Lite-On Technology Corp HP USB Multimedia Keyboard System Control" (type: KEYBOARD, id 13)
[   862.303] (**) Option "xkb_model" "pc105"
[   862.303] (**) Option "xkb_layout" "es"
[   862.303] (**) Option "xkb_options" "terminate:ctrl_alt_bksp"
[   862.315] (II) event7  - Lite-On Technology Corp HP USB Multimedia Keyboard System Control: is tagged by udev as: Keyboard
[   862.317] (II) event7  - Lite-On Technology Corp HP USB Multimedia Keyboard System Control: device is a keyboard
[   862.341] (II) config/udev: removing device C-Media Electronics Inc.       USB PnP Sound Device
[   862.341] (**) Option "fd" "35"
[   862.341] (II) event9  - C-Media Electronics Inc.       USB PnP Sound Device: device removed
[   862.344] (II) UnloadModule: "libinput"
[   862.344] (II) systemd-logind: releasing fd for 13:73
[   862.360] (II) config/udev: Adding input device C-Media Electronics Inc.       USB PnP Sound Device (/dev/input/event9)
[   862.360] (**) C-Media Electronics Inc.       USB PnP Sound Device: Applying InputClass "libinput keyboard catchall"
[   862.360] (**) C-Media Electronics Inc.       USB PnP Sound Device: Applying InputClass "system-keyboard"
[   862.360] (II) Using input driver 'libinput' for 'C-Media Electronics Inc.       USB PnP Sound Device'
[   862.367] (II) systemd-logind: got fd for /dev/input/event9 13:73 fd 35 paused 0
[   862.367] (**) C-Media Electronics Inc.       USB PnP Sound Device: always reports core events
[   862.367] (**) Option "Device" "/dev/input/event9"
[   862.377] (II) event9  - C-Media Electronics Inc.       USB PnP Sound Device: is tagged by udev as: Keyboard
[   862.378] (II) event9  - C-Media Electronics Inc.       USB PnP Sound Device: device is a keyboard
[   862.379] (II) event9  - C-Media Electronics Inc.       USB PnP Sound Device: device removed
[   862.379] (**) Option "config_info" "udev:/sys/devices/pci0000:00/0000:00:1d.0/usb2/2-1/2-1.2/2-1.2.3/2-1.2.3:1.3/0003:8086:0808.0004/input/input13/event9"
[   862.379] (II) XINPUT: Adding extended input device "C-Media Electronics Inc.       USB PnP Sound Device" (type: KEYBOARD, id 14)
[   862.379] (**) Option "xkb_model" "pc105"
[   862.379] (**) Option "xkb_layout" "es"
[   862.379] (**) Option "xkb_options" "terminate:ctrl_alt_bksp"
[   862.395] (II) event9  - C-Media Electronics Inc.       USB PnP Sound Device: is tagged by udev as: Keyboard
[   862.396] (II) event9  - C-Media Electronics Inc.       USB PnP Sound Device: device is a keyboard
[  1095.600] (EE) event8  -  USB OPTICAL MOUSE: client bug: event processing lagging behind by 34ms, your system is too slow
[  1287.400] (EE) event8  -  USB OPTICAL MOUSE: client bug: event processing lagging behind by 30ms, your system is too slow
[  1697.697] (EE) event8  -  USB OPTICAL MOUSE: client bug: event processing lagging behind by 24ms, your system is too slow
[  1958.297] (EE) event8  -  USB OPTICAL MOUSE: client bug: event processing lagging behind by 25ms, your system is too slow
[  2342.557] (II) modeset(0): EDID vendor "SEC", prod id 12336
[  2342.558] (II) modeset(0): Printing DDC gathered Modelines:
[  2342.558] (II) modeset(0): Modeline "1024x600"x0.0   54.20  1024 1048 1184 1344  600 603 609 670 -hsync -vsync (40.3 kHz eP)
[  2347.746] (EE) event8  -  USB OPTICAL MOUSE: client bug: event processing lagging behind by 23ms, your system is too slow
[  2347.746] (EE) event8  -  USB OPTICAL MOUSE: WARNING: log rate limit exceeded (5 msgs per 60min). Discarding future messages.
[  2881.640] (II) modeset(0): EDID vendor "SEC", prod id 12336
[  2881.640] (II) modeset(0): Printing DDC gathered Modelines:
[  2881.640] (II) modeset(0): Modeline "1024x600"x0.0   54.20  1024 1048 1184 1344  600 603 609 670 -hsync -vsync (40.3 kHz eP)
[  2881.708] (II) modeset(0): EDID vendor "SEC", prod id 12336
[  2881.708] (II) modeset(0): Printing DDC gathered Modelines:
[  2881.708] (II) modeset(0): Modeline "1024x600"x0.0   54.20  1024 1048 1184 1344  600 603 609 670 -hsync -vsync (40.3 kHz eP)
[  2881.738] (II) config/udev: removing device Power Button
[  2881.738] (**) Option "fd" "75"
[  2881.738] (II) event3  - Power Button: device removed
[  2881.740] (II) UnloadModule: "libinput"
[  2881.740] (II) systemd-logind: releasing fd for 13:67
[  2881.756] (II) config/udev: Adding input device Power Button (/dev/input/event3)
[  2881.756] (**) Power Button: Applying InputClass "libinput keyboard catchall"
[  2881.756] (**) Power Button: Applying InputClass "system-keyboard"
[  2881.756] (II) Using input driver 'libinput' for 'Power Button'
[  2881.775] (II) systemd-logind: got fd for /dev/input/event3 13:67 fd 78 paused 0
[  2881.775] (**) Power Button: always reports core events
[  2881.775] (**) Option "Device" "/dev/input/event3"
[  2881.778] (II) event3  - Power Button: is tagged by udev as: Keyboard
[  2881.779] (II) event3  - Power Button: device is a keyboard
[  2881.780] (II) event3  - Power Button: device removed
[  2881.780] (**) Option "config_info" "udev:/sys/devices/LNXSYSTM:00/LNXPWRBN:00/input/input3/event3"
[  2881.780] (II) XINPUT: Adding extended input device "Power Button" (type: KEYBOARD, id 6)
[  2881.780] (**) Option "xkb_model" "pc105"
[  2881.780] (**) Option "xkb_layout" "es"
[  2881.780] (**) Option "xkb_options" "terminate:ctrl_alt_bksp"
[  2881.786] (II) event3  - Power Button: is tagged by udev as: Keyboard
[  2881.786] (II) event3  - Power Button: device is a keyboard
[  2881.987] (II) config/udev: removing device cmpc_keys
[  2881.987] (**) Option "fd" "29"
[  2881.987] (II) event11 - cmpc_keys: device removed
[  2881.989] (II) UnloadModule: "libinput"
[  2881.989] (II) systemd-logind: releasing fd for 13:75
[  2882.025] (II) config/udev: Adding input device cmpc_keys (/dev/input/event11)
[  2882.025] (**) cmpc_keys: Applying InputClass "libinput keyboard catchall"
[  2882.025] (**) cmpc_keys: Applying InputClass "system-keyboard"
[  2882.025] (II) Using input driver 'libinput' for 'cmpc_keys'
[  2882.058] (II) systemd-logind: got fd for /dev/input/event11 13:75 fd 75 paused 0
[  2882.058] (**) cmpc_keys: always reports core events
[  2882.059] (**) Option "Device" "/dev/input/event11"
[  2882.069] (II) event11 - cmpc_keys: is tagged by udev as: Keyboard
[  2882.069] (II) event11 - cmpc_keys: device is a keyboard
[  2882.156] (II) event11 - cmpc_keys: device removed
[  2882.157] (**) Option "config_info" "udev:/sys/devices/LNXSYSTM:00/LNXSYBUS:00/PNP0A08:00/device:01/FNBT0000:00/input/input15/event11"
[  2882.157] (II) XINPUT: Adding extended input device "cmpc_keys" (type: KEYBOARD, id 8)
[  2882.157] (**) Option "xkb_model" "pc105"
[  2882.157] (**) Option "xkb_layout" "es"
[  2882.157] (**) Option "xkb_options" "terminate:ctrl_alt_bksp"
[  2882.164] (II) event11 - cmpc_keys: is tagged by udev as: Keyboard
[  2882.164] (II) event11 - cmpc_keys: device is a keyboard
[  2882.175] (II) config/udev: removing device Video Bus
[  2882.175] (**) Option "fd" "28"
[  2882.175] (II) event10 - Video Bus: device removed
[  2882.176] (II) UnloadModule: "libinput"
[  2882.176] (II) systemd-logind: releasing fd for 13:74
[  2882.193] (II) config/udev: Adding input device Video Bus (/dev/input/event10)
[  2882.193] (**) Video Bus: Applying InputClass "libinput keyboard catchall"
[  2882.193] (**) Video Bus: Applying InputClass "system-keyboard"
[  2882.193] (II) Using input driver 'libinput' for 'Video Bus'
[  2882.204] (II) systemd-logind: got fd for /dev/input/event10 13:74 fd 29 paused 0
[  2882.204] (**) Video Bus: always reports core events
[  2882.204] (**) Option "Device" "/dev/input/event10"
[  2882.209] (II) event10 - Video Bus: is tagged by udev as: Keyboard
[  2882.209] (II) event10 - Video Bus: device is a keyboard
[  2882.209] (II) event10 - Video Bus: device removed
[  2882.211] (**) Option "config_info" "udev:/sys/devices/LNXSYSTM:00/LNXSYBUS:00/PNP0A08:00/LNXVIDEO:00/input/input14/event10"
[  2882.211] (II) XINPUT: Adding extended input device "Video Bus" (type: KEYBOARD, id 7)
[  2882.211] (**) Option "xkb_model" "pc105"
[  2882.211] (**) Option "xkb_layout" "es"
[  2882.211] (**) Option "xkb_options" "terminate:ctrl_alt_bksp"
[  2882.216] (II) event10 - Video Bus: is tagged by udev as: Keyboard
[  2882.216] (II) event10 - Video Bus: device is a keyboard
[  2882.221] (II) config/udev: Adding input device Lid Switch (/dev/input/event0)
[  2882.221] (II) No input driver specified, ignoring this device.
[  2882.221] (II) This device may have been added with another device file.
[  2882.221] (II) config/udev: removing device Sleep Button
[  2882.222] (**) Option "fd" "31"
[  2882.222] (II) event2  - Sleep Button: device removed
[  2882.223] (II) UnloadModule: "libinput"
[  2882.223] (II) systemd-logind: releasing fd for 13:66
[  2882.253] (II) config/udev: Adding input device Sleep Button (/dev/input/event2)
[  2882.253] (**) Sleep Button: Applying InputClass "libinput keyboard catchall"
[  2882.253] (**) Sleep Button: Applying InputClass "system-keyboard"
[  2882.253] (II) Using input driver 'libinput' for 'Sleep Button'
[  2882.267] (II) systemd-logind: got fd for /dev/input/event2 13:66 fd 31 paused 0
[  2882.267] (**) Sleep Button: always reports core events
[  2882.268] (**) Option "Device" "/dev/input/event2"
[  2882.271] (II) event2  - Sleep Button: is tagged by udev as: Keyboard
[  2882.272] (II) event2  - Sleep Button: device is a keyboard
[  2882.272] (II) event2  - Sleep Button: device removed
[  2882.272] (**) Option "config_info" "udev:/sys/devices/LNXSYSTM:00/LNXSYBUS:00/PNP0C0E:00/input/input2/event2"
[  2882.272] (II) XINPUT: Adding extended input device "Sleep Button" (type: KEYBOARD, id 10)
[  2882.272] (**) Option "xkb_model" "pc105"
[  2882.272] (**) Option "xkb_layout" "es"
[  2882.272] (**) Option "xkb_options" "terminate:ctrl_alt_bksp"
[  2882.279] (II) event2  - Sleep Button: is tagged by udev as: Keyboard
[  2882.280] (II) event2  - Sleep Button: device is a keyboard
[  2882.342] (II) config/udev: removing device Power Button
[  2882.342] (**) Option "fd" "30"
[  2882.342] (II) event1  - Power Button: device removed
[  2882.343] (II) UnloadModule: "libinput"
[  2882.343] (II) systemd-logind: releasing fd for 13:65
[  2882.350] (II) config/udev: Adding input device Power Button (/dev/input/event1)
[  2882.351] (**) Power Button: Applying InputClass "libinput keyboard catchall"
[  2882.351] (**) Power Button: Applying InputClass "system-keyboard"
[  2882.351] (II) Using input driver 'libinput' for 'Power Button'
[  2882.369] (II) systemd-logind: got fd for /dev/input/event1 13:65 fd 30 paused 0
[  2882.369] (**) Power Button: always reports core events
[  2882.369] (**) Option "Device" "/dev/input/event1"
[  2882.372] (II) event1  - Power Button: is tagged by udev as: Keyboard
[  2882.372] (II) event1  - Power Button: device is a keyboard
[  2882.373] (II) event1  - Power Button: device removed
[  2882.373] (**) Option "config_info" "udev:/sys/devices/LNXSYSTM:00/LNXSYBUS:00/PNP0C0C:00/input/input1/event1"
[  2882.373] (II) XINPUT: Adding extended input device "Power Button" (type: KEYBOARD, id 9)
[  2882.373] (**) Option "xkb_model" "pc105"
[  2882.373] (**) Option "xkb_layout" "es"
[  2882.373] (**) Option "xkb_options" "terminate:ctrl_alt_bksp"
[  2882.379] (II) event1  - Power Button: is tagged by udev as: Keyboard
[  2882.379] (II) event1  - Power Button: device is a keyboard
[  2882.390] (II) config/udev: Adding input device HDA Intel PCH Headphone (/dev/input/event16)
[  2882.390] (II) No input driver specified, ignoring this device.
[  2882.390] (II) This device may have been added with another device file.
[  2882.393] (II) config/udev: Adding input device HDA Intel PCH HDMI/DP,pcm=3 (/dev/input/event17)
[  2882.393] (II) No input driver specified, ignoring this device.
[  2882.393] (II) This device may have been added with another device file.
[  2882.394] (II) config/udev: Adding input device HDA Intel PCH Headphone (/dev/input/event15)
[  2882.395] (II) No input driver specified, ignoring this device.
[  2882.395] (II) This device may have been added with another device file.
[  2882.396] (II) config/udev: Adding input device HDA Intel PCH Mic (/dev/input/event14)
[  2882.396] (II) No input driver specified, ignoring this device.
[  2882.396] (II) This device may have been added with another device file.
[  2882.633] (II) config/udev: removing device AT Translated Set 2 keyboard
[  2882.633] (**) Option "fd" "37"
[  2882.633] (II) event4  - AT Translated Set 2 keyboard: device removed
[  2882.634] (II) UnloadModule: "libinput"
[  2882.634] (II) systemd-logind: releasing fd for 13:68
[  2882.692] (II) config/udev: Adding input device AT Translated Set 2 keyboard (/dev/input/event4)
[  2882.692] (**) AT Translated Set 2 keyboard: Applying InputClass "libinput keyboard catchall"
[  2882.692] (**) AT Translated Set 2 keyboard: Applying InputClass "system-keyboard"
[  2882.692] (II) Using input driver 'libinput' for 'AT Translated Set 2 keyboard'
[  2882.722] (II) systemd-logind: got fd for /dev/input/event4 13:68 fd 37 paused 0
[  2882.723] (**) AT Translated Set 2 keyboard: always reports core events
[  2882.723] (**) Option "Device" "/dev/input/event4"
[  2882.735] (II) event4  - AT Translated Set 2 keyboard: is tagged by udev as: Keyboard
[  2882.735] (II) event4  - AT Translated Set 2 keyboard: device is a keyboard
[  2882.741] (II) event4  - AT Translated Set 2 keyboard: device removed
[  2882.741] (**) Option "config_info" "udev:/sys/devices/platform/i8042/serio0/input/input4/event4"
[  2882.741] (II) XINPUT: Adding extended input device "AT Translated Set 2 keyboard" (type: KEYBOARD, id 16)
[  2882.741] (**) Option "xkb_model" "pc105"
[  2882.741] (**) Option "xkb_layout" "es"
[  2882.741] (**) Option "xkb_options" "terminate:ctrl_alt_bksp"
[  2882.748] (II) event4  - AT Translated Set 2 keyboard: is tagged by udev as: Keyboard
[  2882.748] (II) event4  - AT Translated Set 2 keyboard: device is a keyboard
[  2882.768] (II) config/udev: Adding input device SynPS/2 Synaptics TouchPad (/dev/input/mouse1)
[  2882.768] (II) No input driver specified, ignoring this device.
[  2882.768] (II) This device may have been added with another device file.
[  2883.279] (II) config/udev: removing device SynPS/2 Synaptics TouchPad
[  2883.279] (**) Option "fd" "38"
[  2883.279] (II) event13 - SynPS/2 Synaptics TouchPad: device removed
[  2883.282] (II) UnloadModule: "libinput"
[  2883.282] (II) systemd-logind: releasing fd for 13:77
[  2883.326] (II) config/udev: Adding input device SynPS/2 Synaptics TouchPad (/dev/input/event13)
[  2883.326] (**) SynPS/2 Synaptics TouchPad: Applying InputClass "libinput touchpad catchall"
[  2883.326] (II) Using input driver 'libinput' for 'SynPS/2 Synaptics TouchPad'
[  2883.335] (II) systemd-logind: got fd for /dev/input/event13 13:77 fd 38 paused 0
[  2883.335] (**) SynPS/2 Synaptics TouchPad: always reports core events
[  2883.335] (**) Option "Device" "/dev/input/event13"
[  2883.364] (II) event13 - SynPS/2 Synaptics TouchPad: is tagged by udev as: Touchpad
[  2883.387] (II) event13 - SynPS/2 Synaptics TouchPad: device is a touchpad
[  2883.387] (II) event13 - SynPS/2 Synaptics TouchPad: device removed
[  2883.387] (II) libinput: SynPS/2 Synaptics TouchPad: Step value 0 was provided, libinput Fallback acceleration function is used.
[  2883.387] (II) libinput: SynPS/2 Synaptics TouchPad: Step value 0 was provided, libinput Fallback acceleration function is used.
[  2883.387] (II) libinput: SynPS/2 Synaptics TouchPad: Step value 0 was provided, libinput Fallback acceleration function is used.
[  2883.447] (**) Option "config_info" "udev:/sys/devices/platform/i8042/serio4/input/input20/event13"
[  2883.447] (II) XINPUT: Adding extended input device "SynPS/2 Synaptics TouchPad" (type: TOUCHPAD, id 17)
[  2883.639] (**) Option "AccelerationScheme" "none"
[  2883.639] (**) SynPS/2 Synaptics TouchPad: (accel) selected scheme none/0
[  2883.639] (**) SynPS/2 Synaptics TouchPad: (accel) acceleration factor: 2.000
[  2883.639] (**) SynPS/2 Synaptics TouchPad: (accel) acceleration threshold: 4
[  2883.643] (II) event13 - SynPS/2 Synaptics TouchPad: is tagged by udev as: Touchpad
[  2883.648] (II) event13 - SynPS/2 Synaptics TouchPad: device is a touchpad
[  2883.660] (II) config/udev: Adding input device PC Speaker (/dev/input/event12)
[  2883.660] (II) No input driver specified, ignoring this device.
[  2883.660] (II) This device may have been added with another device file.
[  2883.667] (II) config/udev: Adding input device  USB OPTICAL MOUSE (/dev/input/mouse0)
[  2883.667] (II) No input driver specified, ignoring this device.
[  2883.667] (II) This device may have been added with another device file.
[  2883.668] (II) config/udev: removing device Lite-On Technology Corp HP USB Multimedia Keyboard System Control
[  2883.668] (**) Option "fd" "34"
[  2883.668] (II) event7  - Lite-On Technology Corp HP USB Multimedia Keyboard System Control: device removed
[  2883.669] (II) UnloadModule: "libinput"
[  2883.669] (II) systemd-logind: releasing fd for 13:71
[  2883.682] (II) config/udev: Adding input device Lite-On Technology Corp HP USB Multimedia Keyboard System Control (/dev/input/event7)
[  2883.682] (**) Lite-On Technology Corp HP USB Multimedia Keyboard System Control: Applying InputClass "libinput keyboard catchall"
[  2883.682] (**) Lite-On Technology Corp HP USB Multimedia Keyboard System Control: Applying InputClass "system-keyboard"
[  2883.682] (II) Using input driver 'libinput' for 'Lite-On Technology Corp HP USB Multimedia Keyboard System Control'
[  2883.691] (II) systemd-logind: got fd for /dev/input/event7 13:71 fd 34 paused 0
[  2883.691] (**) Lite-On Technology Corp HP USB Multimedia Keyboard System Control: always reports core events
[  2883.691] (**) Option "Device" "/dev/input/event7"
[  2883.777] (II) event7  - Lite-On Technology Corp HP USB Multimedia Keyboard System Control: is tagged by udev as: Keyboard
[  2883.777] (II) event7  - Lite-On Technology Corp HP USB Multimedia Keyboard System Control: device is a keyboard
[  2883.779] (II) event7  - Lite-On Technology Corp HP USB Multimedia Keyboard System Control: device removed
[  2883.779] (**) Option "config_info" "udev:/sys/devices/pci0000:00/0000:00:1d.0/usb2/2-1/2-1.1/2-1.1:1.1/0003:04CA:008E.0002/input/input11/event7"
[  2883.779] (II) XINPUT: Adding extended input device "Lite-On Technology Corp HP USB Multimedia Keyboard System Control" (type: KEYBOARD, id 13)
[  2883.779] (**) Option "xkb_model" "pc105"
[  2883.779] (**) Option "xkb_layout" "es"
[  2883.779] (**) Option "xkb_options" "terminate:ctrl_alt_bksp"
[  2883.797] (II) event7  - Lite-On Technology Corp HP USB Multimedia Keyboard System Control: is tagged by udev as: Keyboard
[  2883.797] (II) event7  - Lite-On Technology Corp HP USB Multimedia Keyboard System Control: device is a keyboard
[  2883.804] (II) config/udev: removing device Lite-On Technology Corp HP USB Multimedia Keyboard Consumer Control
[  2883.805] (**) Option "fd" "33"
[  2883.806] (II) UnloadModule: "libinput"
[  2883.806] (II) systemd-logind: not releasing fd for 13:70, still in use
[  2883.806] (II) config/udev: removing device Lite-On Technology Corp HP USB Multimedia Keyboard Consumer Control
[  2883.807] (**) Option "fd" "33"
[  2883.807] (II) event6  - Lite-On Technology Corp HP USB Multimedia Keyboard Consumer Control: device removed
[  2883.807] (II) UnloadModule: "libinput"
[  2883.807] (II) systemd-logind: releasing fd for 13:70
[  2883.823] (II) config/udev: Adding input device Lite-On Technology Corp HP USB Multimedia Keyboard Consumer Control (/dev/input/event6)
[  2883.823] (**) Lite-On Technology Corp HP USB Multimedia Keyboard Consumer Control: Applying InputClass "libinput keyboard catchall"
[  2883.823] (**) Lite-On Technology Corp HP USB Multimedia Keyboard Consumer Control: Applying InputClass "system-keyboard"
[  2883.823] (II) Using input driver 'libinput' for 'Lite-On Technology Corp HP USB Multimedia Keyboard Consumer Control'
[  2883.838] (II) systemd-logind: got fd for /dev/input/event6 13:70 fd 33 paused 0
[  2883.838] (**) Lite-On Technology Corp HP USB Multimedia Keyboard Consumer Control: always reports core events
[  2883.838] (**) Option "Device" "/dev/input/event6"
[  2883.865] (II) event6  - Lite-On Technology Corp HP USB Multimedia Keyboard Consumer Control: is tagged by udev as: Keyboard
[  2883.866] (II) event6  - Lite-On Technology Corp HP USB Multimedia Keyboard Consumer Control: device is a keyboard
[  2883.871] (II) event6  - Lite-On Technology Corp HP USB Multimedia Keyboard Consumer Control: device removed
[  2883.872] (II) libinput: Lite-On Technology Corp HP USB Multimedia Keyboard Consumer Control: needs a virtual subdevice
[  2883.872] (**) Option "config_info" "udev:/sys/devices/pci0000:00/0000:00:1d.0/usb2/2-1/2-1.1/2-1.1:1.1/0003:04CA:008E.0002/input/input10/event6"
[  2883.872] (II) XINPUT: Adding extended input device "Lite-On Technology Corp HP USB Multimedia Keyboard Consumer Control" (type: MOUSE, id 12)
[  2883.873] (**) Option "AccelerationScheme" "none"
[  2883.873] (**) Lite-On Technology Corp HP USB Multimedia Keyboard Consumer Control: (accel) selected scheme none/0
[  2883.873] (**) Lite-On Technology Corp HP USB Multimedia Keyboard Consumer Control: (accel) acceleration factor: 2.000
[  2883.873] (**) Lite-On Technology Corp HP USB Multimedia Keyboard Consumer Control: (accel) acceleration threshold: 4
[  2883.886] (II) event6  - Lite-On Technology Corp HP USB Multimedia Keyboard Consumer Control: is tagged by udev as: Keyboard
[  2883.887] (II) event6  - Lite-On Technology Corp HP USB Multimedia Keyboard Consumer Control: device is a keyboard
[  2883.889] (**) Lite-On Technology Corp HP USB Multimedia Keyboard Consumer Control: Applying InputClass "libinput keyboard catchall"
[  2883.889] (**) Lite-On Technology Corp HP USB Multimedia Keyboard Consumer Control: Applying InputClass "system-keyboard"
[  2883.889] (II) Using input driver 'libinput' for 'Lite-On Technology Corp HP USB Multimedia Keyboard Consumer Control'
[  2883.889] (II) systemd-logind: returning pre-existing fd for /dev/input/event6 13:70
[  2883.889] (**) Lite-On Technology Corp HP USB Multimedia Keyboard Consumer Control: always reports core events
[  2883.889] (**) Option "Device" "/dev/input/event6"
[  2883.889] (II) libinput: Lite-On Technology Corp HP USB Multimedia Keyboard Consumer Control: is a virtual subdevice
[  2883.890] (**) Option "config_info" "udev:/sys/devices/pci0000:00/0000:00:1d.0/usb2/2-1/2-1.1/2-1.1:1.1/0003:04CA:008E.0002/input/input10/event6"
[  2883.890] (II) XINPUT: Adding extended input device "Lite-On Technology Corp HP USB Multimedia Keyboard Consumer Control" (type: KEYBOARD, id 18)
[  2883.890] (**) Option "xkb_model" "pc105"
[  2883.890] (**) Option "xkb_layout" "es"
[  2883.890] (**) Option "xkb_options" "terminate:ctrl_alt_bksp"
[  2883.894] (II) config/udev: removing device  USB OPTICAL MOUSE
[  2883.894] (**) Option "fd" "36"
[  2883.894] (II) event8  -  USB OPTICAL MOUSE: device removed
[  2883.895] (II) UnloadModule: "libinput"
[  2883.895] (II) systemd-logind: releasing fd for 13:72
[  2883.911] (II) config/udev: Adding input device  USB OPTICAL MOUSE (/dev/input/event8)
[  2883.912] (**)  USB OPTICAL MOUSE: Applying InputClass "libinput pointer catchall"
[  2883.912] (II) Using input driver 'libinput' for ' USB OPTICAL MOUSE'
[  2883.970] (II) systemd-logind: got fd for /dev/input/event8 13:72 fd 36 paused 0
[  2883.970] (**)  USB OPTICAL MOUSE: always reports core events
[  2883.970] (**) Option "Device" "/dev/input/event8"
[  2883.980] (II) event8  -  USB OPTICAL MOUSE: is tagged by udev as: Mouse
[  2883.981] (II) event8  -  USB OPTICAL MOUSE: device is a pointer
[  2883.983] (II) event8  -  USB OPTICAL MOUSE: device removed
[  2883.983] (II) libinput:  USB OPTICAL MOUSE: Step value 0 was provided, libinput Fallback acceleration function is used.
[  2883.983] (II) libinput:  USB OPTICAL MOUSE: Step value 0 was provided, libinput Fallback acceleration function is used.
[  2883.983] (II) libinput:  USB OPTICAL MOUSE: Step value 0 was provided, libinput Fallback acceleration function is used.
[  2883.983] (**) Option "config_info" "udev:/sys/devices/pci0000:00/0000:00:1d.0/usb2/2-1/2-1.4/2-1.4:1.0/0003:0000:0538.0003/input/input12/event8"
[  2883.983] (II) XINPUT: Adding extended input device " USB OPTICAL MOUSE" (type: MOUSE, id 15)
[  2883.984] (**) Option "AccelerationScheme" "none"
[  2883.984] (**)  USB OPTICAL MOUSE: (accel) selected scheme none/0
[  2883.984] (**)  USB OPTICAL MOUSE: (accel) acceleration factor: 2.000
[  2883.984] (**)  USB OPTICAL MOUSE: (accel) acceleration threshold: 4
[  2883.990] (II) event8  -  USB OPTICAL MOUSE: is tagged by udev as: Mouse
[  2883.992] (II) event8  -  USB OPTICAL MOUSE: device is a pointer
[  2884.000] (II) config/udev: removing device Lite-On Technology Corp HP USB Multimedia Keyboard
[  2884.000] (**) Option "fd" "32"
[  2884.000] (II) event5  - Lite-On Technology Corp HP USB Multimedia Keyboard: device removed
[  2884.001] (II) UnloadModule: "libinput"
[  2884.001] (II) systemd-logind: releasing fd for 13:69
[  2884.008] (II) config/udev: Adding input device Lite-On Technology Corp HP USB Multimedia Keyboard (/dev/input/event5)
[  2884.008] (**) Lite-On Technology Corp HP USB Multimedia Keyboard: Applying InputClass "libinput keyboard catchall"
[  2884.008] (**) Lite-On Technology Corp HP USB Multimedia Keyboard: Applying InputClass "system-keyboard"
[  2884.008] (II) Using input driver 'libinput' for 'Lite-On Technology Corp HP USB Multimedia Keyboard'
[  2884.012] (II) systemd-logind: got fd for /dev/input/event5 13:69 fd 32 paused 0
[  2884.012] (**) Lite-On Technology Corp HP USB Multimedia Keyboard: always reports core events
[  2884.012] (**) Option "Device" "/dev/input/event5"
[  2884.019] (II) event5  - Lite-On Technology Corp HP USB Multimedia Keyboard: is tagged by udev as: Keyboard
[  2884.020] (II) event5  - Lite-On Technology Corp HP USB Multimedia Keyboard: device is a keyboard
[  2884.021] (II) event5  - Lite-On Technology Corp HP USB Multimedia Keyboard: device removed
[  2884.021] (**) Option "config_info" "udev:/sys/devices/pci0000:00/0000:00:1d.0/usb2/2-1/2-1.1/2-1.1:1.0/0003:04CA:008E.0001/input/input9/event5"
[  2884.021] (II) XINPUT: Adding extended input device "Lite-On Technology Corp HP USB Multimedia Keyboard" (type: KEYBOARD, id 11)
[  2884.021] (**) Option "xkb_model" "pc105"
[  2884.021] (**) Option "xkb_layout" "es"
[  2884.021] (**) Option "xkb_options" "terminate:ctrl_alt_bksp"
[  2884.029] (II) event5  - Lite-On Technology Corp HP USB Multimedia Keyboard: is tagged by udev as: Keyboard
[  2884.029] (II) event5  - Lite-On Technology Corp HP USB Multimedia Keyboard: device is a keyboard
[  2884.050] (II) config/udev: removing device C-Media Electronics Inc.       USB PnP Sound Device
[  2884.050] (**) Option "fd" "35"
[  2884.050] (II) event9  - C-Media Electronics Inc.       USB PnP Sound Device: device removed
[  2884.051] (II) UnloadModule: "libinput"
[  2884.051] (II) systemd-logind: releasing fd for 13:73
[  2884.061] (II) config/udev: Adding input device C-Media Electronics Inc.       USB PnP Sound Device (/dev/input/event9)
[  2884.061] (**) C-Media Electronics Inc.       USB PnP Sound Device: Applying InputClass "libinput keyboard catchall"
[  2884.061] (**) C-Media Electronics Inc.       USB PnP Sound Device: Applying InputClass "system-keyboard"
[  2884.061] (II) Using input driver 'libinput' for 'C-Media Electronics Inc.       USB PnP Sound Device'
[  2884.067] (II) systemd-logind: got fd for /dev/input/event9 13:73 fd 35 paused 0
[  2884.067] (**) C-Media Electronics Inc.       USB PnP Sound Device: always reports core events
[  2884.067] (**) Option "Device" "/dev/input/event9"
[  2884.074] (II) event9  - C-Media Electronics Inc.       USB PnP Sound Device: is tagged by udev as: Keyboard
[  2884.075] (II) event9  - C-Media Electronics Inc.       USB PnP Sound Device: device is a keyboard
[  2884.076] (II) event9  - C-Media Electronics Inc.       USB PnP Sound Device: device removed
[  2884.077] (**) Option "config_info" "udev:/sys/devices/pci0000:00/0000:00:1d.0/usb2/2-1/2-1.2/2-1.2.3/2-1.2.3:1.3/0003:8086:0808.0004/input/input13/event9"
[  2884.077] (II) XINPUT: Adding extended input device "C-Media Electronics Inc.       USB PnP Sound Device" (type: KEYBOARD, id 14)
[  2884.077] (**) Option "xkb_model" "pc105"
[  2884.077] (**) Option "xkb_layout" "es"
[  2884.077] (**) Option "xkb_options" "terminate:ctrl_alt_bksp"
[  2884.086] (II) event9  - C-Media Electronics Inc.       USB PnP Sound Device: is tagged by udev as: Keyboard
[  2884.086] (II) event9  - C-Media Electronics Inc.       USB PnP Sound Device: device is a keyboard
[  2941.127] (II) modeset(0): EDID vendor "SEC", prod id 12336
[  2941.127] (II) modeset(0): Printing DDC gathered Modelines:
[  2941.127] (II) modeset(0): Modeline "1024x600"x0.0   54.20  1024 1048 1184 1344  600 603 609 670 -hsync -vsync (40.3 kHz eP)
[  3041.645] (EE) event8  -  USB OPTICAL MOUSE: client bug: event processing lagging behind by 48ms, your system is too slow
[  3176.811] (EE) event8  -  USB OPTICAL MOUSE: client bug: event processing lagging behind by 37ms, your system is too slow
[  3824.521] (EE) client bug: timer button-debounce-debounce-short-event8: scheduled expiry is in the past (-20ms), your system is too slow
[  3902.736] (EE) event8  -  USB OPTICAL MOUSE: client bug: event processing lagging behind by 71ms, your system is too slow
[  3995.477] (EE) event8  -  USB OPTICAL MOUSE: client bug: event processing lagging behind by 27ms, your system is too slow
[  3996.481] (EE) event8  -  USB OPTICAL MOUSE: client bug: event processing lagging behind by 64ms, your system is too slow
[  3996.481] (EE) event8  -  USB OPTICAL MOUSE: WARNING: log rate limit exceeded (5 msgs per 60min). Discarding future messages.
